<?xml version="1.0" encoding="UTF-8"?>
<testng-results ignored="0" total="93" passed="62" failed="13" skipped="18">
  <reporter-output>
  </reporter-output>
  <suite started-at="2020-05-11T13:19:09Z" name="All Test Suite" finished-at="2020-05-11T13:19:10Z" duration-ms="910">
    <groups>
    </groups>
    <test started-at="2020-05-11T13:19:09Z" name="D:/IdeaWorkspace/SeachEngine/test/hust/cs/javacourse/search/index/TermTest.java" finished-at="2020-05-11T13:19:09Z" duration-ms="65">
      <class name="hust.cs.javacourse.search.index.TermTest">
        <test-method signature="testTestEquals([Lhust.cs.javacourse.search.index.AbstractTerm;, boolean)[pri:0, instance:hust.cs.javacourse.search.index.TermTest@528931cf]" started-at="2020-05-11T13:19:09Z" name="testTestEquals" data-provider="testTerm" finished-at="2020-05-11T13:19:09Z" duration-ms="2" status="PASS">
          <params>
            <param index="0">
              <value>
                <![CDATA[[Lhust.cs.javacourse.search.index.AbstractTerm;@4d826d77]]>
              </value>
            </param>
            <param index="1">
              <value>
                <![CDATA[true]]>
              </value>
            </param>
          </params>
          <reporter-output>
          </reporter-output>
        </test-method> <!-- testTestEquals -->
        <test-method signature="testTestEquals([Lhust.cs.javacourse.search.index.AbstractTerm;, boolean)[pri:0, instance:hust.cs.javacourse.search.index.TermTest@528931cf]" started-at="2020-05-11T13:19:09Z" name="testTestEquals" data-provider="testTerm" finished-at="2020-05-11T13:19:09Z" duration-ms="0" status="PASS">
          <params>
            <param index="0">
              <value>
                <![CDATA[[Lhust.cs.javacourse.search.index.AbstractTerm;@61009542]]>
              </value>
            </param>
            <param index="1">
              <value>
                <![CDATA[false]]>
              </value>
            </param>
          </params>
          <reporter-output>
          </reporter-output>
        </test-method> <!-- testTestEquals -->
        <test-method signature="testTestToString(hust.cs.javacourse.search.index.AbstractTerm, java.lang.String)[pri:0, instance:hust.cs.javacourse.search.index.TermTest@528931cf]" started-at="2020-05-11T13:19:09Z" name="testTestToString" data-provider="testTerm" finished-at="2020-05-11T13:19:09Z" duration-ms="1" status="PASS">
          <params>
            <param index="0">
              <value>
                <![CDATA[We have a dream.]]>
              </value>
            </param>
            <param index="1">
              <value>
                <![CDATA[We have a dream.]]>
              </value>
            </param>
          </params>
          <reporter-output>
          </reporter-output>
        </test-method> <!-- testTestToString -->
        <test-method signature="testGetContent(hust.cs.javacourse.search.index.AbstractTerm, java.lang.String)[pri:0, instance:hust.cs.javacourse.search.index.TermTest@528931cf]" started-at="2020-05-11T13:19:09Z" name="testGetContent" data-provider="testTerm" finished-at="2020-05-11T13:19:09Z" duration-ms="1" status="PASS">
          <params>
            <param index="0">
              <value>
                <![CDATA[We have a dream.]]>
              </value>
            </param>
            <param index="1">
              <value>
                <![CDATA[We have a dream.]]>
              </value>
            </param>
          </params>
          <reporter-output>
          </reporter-output>
        </test-method> <!-- testGetContent -->
        <test-method signature="testSetContent(hust.cs.javacourse.search.index.AbstractTerm, java.lang.String)[pri:0, instance:hust.cs.javacourse.search.index.TermTest@528931cf]" started-at="2020-05-11T13:19:09Z" name="testSetContent" data-provider="testTerm" finished-at="2020-05-11T13:19:09Z" duration-ms="0" status="PASS">
          <params>
            <param index="0">
              <value>
                <![CDATA[We have no dream.]]>
              </value>
            </param>
            <param index="1">
              <value>
                <![CDATA[We have no dream.]]>
              </value>
            </param>
          </params>
          <reporter-output>
          </reporter-output>
        </test-method> <!-- testSetContent -->
        <test-method signature="testCompareTo([Lhust.cs.javacourse.search.index.AbstractTerm;, int)[pri:0, instance:hust.cs.javacourse.search.index.TermTest@528931cf]" started-at="2020-05-11T13:19:09Z" name="testCompareTo" data-provider="testTerm" finished-at="2020-05-11T13:19:09Z" duration-ms="1" status="PASS">
          <params>
            <param index="0">
              <value>
                <![CDATA[[Lhust.cs.javacourse.search.index.AbstractTerm;@770c2e6b]]>
              </value>
            </param>
            <param index="1">
              <value>
                <![CDATA[0]]>
              </value>
            </param>
          </params>
          <reporter-output>
          </reporter-output>
        </test-method> <!-- testCompareTo -->
        <test-method signature="testCompareTo([Lhust.cs.javacourse.search.index.AbstractTerm;, int)[pri:0, instance:hust.cs.javacourse.search.index.TermTest@528931cf]" started-at="2020-05-11T13:19:09Z" name="testCompareTo" data-provider="testTerm" finished-at="2020-05-11T13:19:09Z" duration-ms="0" status="PASS">
          <params>
            <param index="0">
              <value>
                <![CDATA[[Lhust.cs.javacourse.search.index.AbstractTerm;@1a052a00]]>
              </value>
            </param>
            <param index="1">
              <value>
                <![CDATA[4]]>
              </value>
            </param>
          </params>
          <reporter-output>
          </reporter-output>
        </test-method> <!-- testCompareTo -->
        <test-method signature="testWriteObject(hust.cs.javacourse.search.index.AbstractTerm, java.lang.String)[pri:0, instance:hust.cs.javacourse.search.index.TermTest@528931cf]" started-at="2020-05-11T13:19:09Z" name="testWriteObject" data-provider="testTerm" finished-at="2020-05-11T13:19:09Z" duration-ms="8" status="PASS">
          <params>
            <param index="0">
              <value>
                <![CDATA[search engine]]>
              </value>
            </param>
            <param index="1">
              <value>
                <![CDATA[/home/pkj/Learn_Java/HUST/%e5%ae%9e%e9%aa%8c/Java%e6%96%b0%e5%ae%9e%e9%aa%8c%e4%b8%80/Experiment1Tes4_4Linux/test/config/..//ser/Term.dat]]>
              </value>
            </param>
          </params>
          <reporter-output>
          </reporter-output>
        </test-method> <!-- testWriteObject -->
        <test-method signature="testReadObject(hust.cs.javacourse.search.index.AbstractTerm, java.lang.String)[pri:0, instance:hust.cs.javacourse.search.index.TermTest@528931cf]" started-at="2020-05-11T13:19:09Z" name="testReadObject" data-provider="testTerm" finished-at="2020-05-11T13:19:09Z" duration-ms="6" status="PASS">
          <params>
            <param index="0">
              <value>
                <![CDATA[search engine]]>
              </value>
            </param>
            <param index="1">
              <value>
                <![CDATA[/home/pkj/Learn_Java/HUST/%e5%ae%9e%e9%aa%8c/Java%e6%96%b0%e5%ae%9e%e9%aa%8c%e4%b8%80/Experiment1Tes4_4Linux/test/config/..//ser/Term.dat]]>
              </value>
            </param>
          </params>
          <reporter-output>
          </reporter-output>
        </test-method> <!-- testReadObject -->
      </class> <!-- hust.cs.javacourse.search.index.TermTest -->
    </test> <!-- D:/IdeaWorkspace/SeachEngine/test/hust/cs/javacourse/search/index/TermTest.java -->
    <test started-at="2020-05-11T13:19:09Z" name="D:/IdeaWorkspace/SeachEngine/test/hust/cs/javacourse/search/index/TermTupleTest.java" finished-at="2020-05-11T13:19:09Z" duration-ms="3">
      <class name="hust.cs.javacourse.search.index.TermTupleTest">
        <test-method signature="testTestEquals([Lhust.cs.javacourse.search.index.AbstractTermTuple;, boolean)[pri:0, instance:hust.cs.javacourse.search.index.TermTupleTest@9a7504c]" started-at="2020-05-11T13:19:09Z" name="testTestEquals" data-provider="testTermTuple" finished-at="2020-05-11T13:19:09Z" duration-ms="1" status="PASS">
          <params>
            <param index="0">
              <value>
                <![CDATA[[Lhust.cs.javacourse.search.index.AbstractTermTuple;@5d740a0f]]>
              </value>
            </param>
            <param index="1">
              <value>
                <![CDATA[true]]>
              </value>
            </param>
          </params>
          <reporter-output>
          </reporter-output>
        </test-method> <!-- testTestEquals -->
        <test-method signature="testTestEquals([Lhust.cs.javacourse.search.index.AbstractTermTuple;, boolean)[pri:0, instance:hust.cs.javacourse.search.index.TermTupleTest@9a7504c]" started-at="2020-05-11T13:19:09Z" name="testTestEquals" data-provider="testTermTuple" finished-at="2020-05-11T13:19:09Z" duration-ms="0" status="PASS">
          <params>
            <param index="0">
              <value>
                <![CDATA[[Lhust.cs.javacourse.search.index.AbstractTermTuple;@214b199c]]>
              </value>
            </param>
            <param index="1">
              <value>
                <![CDATA[false]]>
              </value>
            </param>
          </params>
          <reporter-output>
          </reporter-output>
        </test-method> <!-- testTestEquals -->
        <test-method signature="testTestEquals([Lhust.cs.javacourse.search.index.AbstractTermTuple;, boolean)[pri:0, instance:hust.cs.javacourse.search.index.TermTupleTest@9a7504c]" started-at="2020-05-11T13:19:09Z" name="testTestEquals" data-provider="testTermTuple" finished-at="2020-05-11T13:19:09Z" duration-ms="0" status="PASS">
          <params>
            <param index="0">
              <value>
                <![CDATA[[Lhust.cs.javacourse.search.index.AbstractTermTuple;@20d3d15a]]>
              </value>
            </param>
            <param index="1">
              <value>
                <![CDATA[false]]>
              </value>
            </param>
          </params>
          <reporter-output>
          </reporter-output>
        </test-method> <!-- testTestEquals -->
        <test-method signature="testTestToString(hust.cs.javacourse.search.index.AbstractTermTuple, [Ljava.lang.String;)[pri:0, instance:hust.cs.javacourse.search.index.TermTupleTest@9a7504c]" started-at="2020-05-11T13:19:09Z" name="testTestToString" data-provider="testTermTuple" finished-at="2020-05-11T13:19:09Z" duration-ms="0" status="PASS">
          <params>
            <param index="0">
              <value>
                <![CDATA[<term:Search,freq: 1,curPos: 100>]]>
              </value>
            </param>
            <param index="1">
              <value>
                <![CDATA[[Ljava.lang.String;@2893de87]]>
              </value>
            </param>
          </params>
          <reporter-output>
          </reporter-output>
        </test-method> <!-- testTestToString -->
      </class> <!-- hust.cs.javacourse.search.index.TermTupleTest -->
    </test> <!-- D:/IdeaWorkspace/SeachEngine/test/hust/cs/javacourse/search/index/TermTupleTest.java -->
    <test started-at="2020-05-11T13:19:09Z" name="D:/IdeaWorkspace/SeachEngine/test/hust/cs/javacourse/search/index/PostingTest.java" finished-at="2020-05-11T13:19:09Z" duration-ms="19">
      <class name="hust.cs.javacourse.search.index.PostingTest">
        <test-method signature="testTestEquals([Lhust.cs.javacourse.search.index.AbstractPosting;, boolean)[pri:0, instance:hust.cs.javacourse.search.index.PostingTest@60285225]" started-at="2020-05-11T13:19:09Z" name="testTestEquals" data-provider="testPosting" finished-at="2020-05-11T13:19:09Z" duration-ms="0" status="PASS">
          <params>
            <param index="0">
              <value>
                <![CDATA[[Lhust.cs.javacourse.search.index.AbstractPosting;@e50a6f6]]>
              </value>
            </param>
            <param index="1">
              <value>
                <![CDATA[false]]>
              </value>
            </param>
          </params>
          <reporter-output>
          </reporter-output>
        </test-method> <!-- testTestEquals -->
        <test-method signature="testTestEquals([Lhust.cs.javacourse.search.index.AbstractPosting;, boolean)[pri:0, instance:hust.cs.javacourse.search.index.PostingTest@60285225]" started-at="2020-05-11T13:19:09Z" name="testTestEquals" data-provider="testPosting" finished-at="2020-05-11T13:19:09Z" duration-ms="1" status="PASS">
          <params>
            <param index="0">
              <value>
                <![CDATA[[Lhust.cs.javacourse.search.index.AbstractPosting;@14ec4505]]>
              </value>
            </param>
            <param index="1">
              <value>
                <![CDATA[false]]>
              </value>
            </param>
          </params>
          <reporter-output>
          </reporter-output>
        </test-method> <!-- testTestEquals -->
        <test-method signature="testTestEquals([Lhust.cs.javacourse.search.index.AbstractPosting;, boolean)[pri:0, instance:hust.cs.javacourse.search.index.PostingTest@60285225]" started-at="2020-05-11T13:19:09Z" name="testTestEquals" data-provider="testPosting" finished-at="2020-05-11T13:19:09Z" duration-ms="0" status="PASS">
          <params>
            <param index="0">
              <value>
                <![CDATA[[Lhust.cs.javacourse.search.index.AbstractPosting;@4034c28c]]>
              </value>
            </param>
            <param index="1">
              <value>
                <![CDATA[true]]>
              </value>
            </param>
          </params>
          <reporter-output>
          </reporter-output>
        </test-method> <!-- testTestEquals -->
        <test-method signature="testTestEquals([Lhust.cs.javacourse.search.index.AbstractPosting;, boolean)[pri:0, instance:hust.cs.javacourse.search.index.PostingTest@60285225]" started-at="2020-05-11T13:19:09Z" name="testTestEquals" data-provider="testPosting" finished-at="2020-05-11T13:19:09Z" duration-ms="0" status="PASS">
          <params>
            <param index="0">
              <value>
                <![CDATA[[Lhust.cs.javacourse.search.index.AbstractPosting;@358c99f5]]>
              </value>
            </param>
            <param index="1">
              <value>
                <![CDATA[true]]>
              </value>
            </param>
          </params>
          <reporter-output>
          </reporter-output>
        </test-method> <!-- testTestEquals -->
        <test-method signature="testTestEquals([Lhust.cs.javacourse.search.index.AbstractPosting;, boolean)[pri:0, instance:hust.cs.javacourse.search.index.PostingTest@60285225]" started-at="2020-05-11T13:19:09Z" name="testTestEquals" data-provider="testPosting" finished-at="2020-05-11T13:19:09Z" duration-ms="0" status="PASS">
          <params>
            <param index="0">
              <value>
                <![CDATA[[Lhust.cs.javacourse.search.index.AbstractPosting;@53ca01a2]]>
              </value>
            </param>
            <param index="1">
              <value>
                <![CDATA[false]]>
              </value>
            </param>
          </params>
          <reporter-output>
          </reporter-output>
        </test-method> <!-- testTestEquals -->
        <test-method signature="testTestToString(hust.cs.javacourse.search.index.AbstractPosting, [Ljava.lang.String;)[pri:0, instance:hust.cs.javacourse.search.index.PostingTest@60285225]" started-at="2020-05-11T13:19:09Z" name="testTestToString" data-provider="testPosting" finished-at="2020-05-11T13:19:09Z" duration-ms="1" status="PASS">
          <params>
            <param index="0">
              <value>
                <![CDATA[{docId: 1,freq: 4,positions: [10, 100, 320, 400]}]]>
              </value>
            </param>
            <param index="1">
              <value>
                <![CDATA[[Ljava.lang.String;@3ee0fea4]]>
              </value>
            </param>
          </params>
          <reporter-output>
          </reporter-output>
        </test-method> <!-- testTestToString -->
        <test-method signature="testSetDocId(hust.cs.javacourse.search.index.AbstractPosting, int)[pri:0, instance:hust.cs.javacourse.search.index.PostingTest@60285225]" started-at="2020-05-11T13:19:09Z" name="testSetDocId" data-provider="testPosting" finished-at="2020-05-11T13:19:09Z" duration-ms="1" status="PASS">
          <params>
            <param index="0">
              <value>
                <![CDATA[{docId: 20,freq: 0,positions: []}]]>
              </value>
            </param>
            <param index="1">
              <value>
                <![CDATA[20]]>
              </value>
            </param>
          </params>
          <reporter-output>
          </reporter-output>
        </test-method> <!-- testSetDocId -->
        <test-method signature="testGetDocId(hust.cs.javacourse.search.index.AbstractPosting, int)[pri:0, instance:hust.cs.javacourse.search.index.PostingTest@60285225]" started-at="2020-05-11T13:19:09Z" name="testGetDocId" data-provider="testPosting" finished-at="2020-05-11T13:19:09Z" duration-ms="0" status="PASS">
          <params>
            <param index="0">
              <value>
                <![CDATA[{docId: 1,freq: 4,positions: [10, 100, 320, 400]}]]>
              </value>
            </param>
            <param index="1">
              <value>
                <![CDATA[1]]>
              </value>
            </param>
          </params>
          <reporter-output>
          </reporter-output>
        </test-method> <!-- testGetDocId -->
        <test-method signature="testGetFreq(hust.cs.javacourse.search.index.AbstractPosting, int)[pri:0, instance:hust.cs.javacourse.search.index.PostingTest@60285225]" started-at="2020-05-11T13:19:09Z" name="testGetFreq" data-provider="testPosting" finished-at="2020-05-11T13:19:09Z" duration-ms="0" status="PASS">
          <params>
            <param index="0">
              <value>
                <![CDATA[{docId: 1,freq: 4,positions: [10, 100, 320, 400]}]]>
              </value>
            </param>
            <param index="1">
              <value>
                <![CDATA[4]]>
              </value>
            </param>
          </params>
          <reporter-output>
          </reporter-output>
        </test-method> <!-- testGetFreq -->
        <test-method signature="testSetFreq(hust.cs.javacourse.search.index.AbstractPosting, int)[pri:0, instance:hust.cs.javacourse.search.index.PostingTest@60285225]" started-at="2020-05-11T13:19:09Z" name="testSetFreq" data-provider="testPosting" finished-at="2020-05-11T13:19:09Z" duration-ms="0" status="PASS">
          <params>
            <param index="0">
              <value>
                <![CDATA[{docId: 0,freq: 8,positions: []}]]>
              </value>
            </param>
            <param index="1">
              <value>
                <![CDATA[8]]>
              </value>
            </param>
          </params>
          <reporter-output>
          </reporter-output>
        </test-method> <!-- testSetFreq -->
        <test-method signature="testGetPositions(hust.cs.javacourse.search.index.AbstractPosting, java.util.List)[pri:0, instance:hust.cs.javacourse.search.index.PostingTest@60285225]" started-at="2020-05-11T13:19:09Z" name="testGetPositions" data-provider="testPosting" finished-at="2020-05-11T13:19:09Z" duration-ms="1" status="PASS">
          <params>
            <param index="0">
              <value>
                <![CDATA[{docId: 1,freq: 4,positions: [10, 100, 320, 400]}]]>
              </value>
            </param>
            <param index="1">
              <value>
                <![CDATA[[10, 100, 320, 400]]]>
              </value>
            </param>
          </params>
          <reporter-output>
          </reporter-output>
        </test-method> <!-- testGetPositions -->
        <test-method signature="testSetPositions(hust.cs.javacourse.search.index.AbstractPosting, java.util.List)[pri:0, instance:hust.cs.javacourse.search.index.PostingTest@60285225]" started-at="2020-05-11T13:19:09Z" name="testSetPositions" data-provider="testPosting" finished-at="2020-05-11T13:19:09Z" duration-ms="0" status="PASS">
          <params>
            <param index="0">
              <value>
                <![CDATA[{docId: 0,freq: 0,positions: [100, 320, 400]}]]>
              </value>
            </param>
            <param index="1">
              <value>
                <![CDATA[[100, 320, 400]]]>
              </value>
            </param>
          </params>
          <reporter-output>
          </reporter-output>
        </test-method> <!-- testSetPositions -->
        <test-method signature="testCompareTo([Lhust.cs.javacourse.search.index.AbstractPosting;, int)[pri:0, instance:hust.cs.javacourse.search.index.PostingTest@60285225]" started-at="2020-05-11T13:19:09Z" name="testCompareTo" data-provider="testPosting" finished-at="2020-05-11T13:19:09Z" duration-ms="0" status="PASS">
          <params>
            <param index="0">
              <value>
                <![CDATA[[Lhust.cs.javacourse.search.index.AbstractPosting;@2d9d4f9d]]>
              </value>
            </param>
            <param index="1">
              <value>
                <![CDATA[1]]>
              </value>
            </param>
          </params>
          <reporter-output>
          </reporter-output>
        </test-method> <!-- testCompareTo -->
        <test-method signature="testSort(hust.cs.javacourse.search.index.AbstractPosting, java.util.List)[pri:0, instance:hust.cs.javacourse.search.index.PostingTest@60285225]" started-at="2020-05-11T13:19:09Z" name="testSort" data-provider="testPosting" finished-at="2020-05-11T13:19:09Z" duration-ms="0" status="PASS">
          <params>
            <param index="0">
              <value>
                <![CDATA[{docId: 1,freq: 4,positions: [10, 100, 320, 400]}]]>
              </value>
            </param>
            <param index="1">
              <value>
                <![CDATA[[10, 100, 320, 400]]]>
              </value>
            </param>
          </params>
          <reporter-output>
          </reporter-output>
        </test-method> <!-- testSort -->
        <test-method signature="testWriteObject(hust.cs.javacourse.search.index.AbstractPosting, java.lang.String)[pri:0, instance:hust.cs.javacourse.search.index.PostingTest@60285225]" started-at="2020-05-11T13:19:09Z" name="testWriteObject" data-provider="testPosting" finished-at="2020-05-11T13:19:09Z" duration-ms="2" status="PASS">
          <params>
            <param index="0">
              <value>
                <![CDATA[{docId: 1,freq: 4,positions: [10, 100, 320, 400]}]]>
              </value>
            </param>
            <param index="1">
              <value>
                <![CDATA[/home/pkj/Learn_Java/HUST/%e5%ae%9e%e9%aa%8c/Java%e6%96%b0%e5%ae%9e%e9%aa%8c%e4%b8%80/Experiment1Tes4_4Linux/test/config/..//ser/Posting.dat]]>
              </value>
            </param>
          </params>
          <reporter-output>
          </reporter-output>
        </test-method> <!-- testWriteObject -->
        <test-method signature="testReadObject(hust.cs.javacourse.search.index.AbstractPosting, java.lang.String)[pri:0, instance:hust.cs.javacourse.search.index.PostingTest@60285225]" started-at="2020-05-11T13:19:09Z" name="testReadObject" data-provider="testPosting" finished-at="2020-05-11T13:19:09Z" duration-ms="3" status="PASS">
          <params>
            <param index="0">
              <value>
                <![CDATA[{docId: 1,freq: 4,positions: [10, 100, 320, 400]}]]>
              </value>
            </param>
            <param index="1">
              <value>
                <![CDATA[/home/pkj/Learn_Java/HUST/%e5%ae%9e%e9%aa%8c/Java%e6%96%b0%e5%ae%9e%e9%aa%8c%e4%b8%80/Experiment1Tes4_4Linux/test/config/..//ser/Posting.dat]]>
              </value>
            </param>
          </params>
          <reporter-output>
          </reporter-output>
        </test-method> <!-- testReadObject -->
      </class> <!-- hust.cs.javacourse.search.index.PostingTest -->
    </test> <!-- D:/IdeaWorkspace/SeachEngine/test/hust/cs/javacourse/search/index/PostingTest.java -->
    <test started-at="2020-05-11T13:19:09Z" name="D:/IdeaWorkspace/SeachEngine/test/hust/cs/javacourse/search/index/PostingListTest.java" finished-at="2020-05-11T13:19:09Z" duration-ms="28">
      <class name="hust.cs.javacourse.search.index.PostingListTest">
        <test-method signature="testAdd(hust.cs.javacourse.search.index.AbstractPostingList, [Lhust.cs.javacourse.search.index.AbstractPosting;)[pri:0, instance:hust.cs.javacourse.search.index.PostingListTest@262b2c86]" started-at="2020-05-11T13:19:09Z" name="testAdd" data-provider="testPostingList" finished-at="2020-05-11T13:19:09Z" duration-ms="0" status="PASS">
          <params>
            <param index="0">
              <value>
                <![CDATA[{docId: 1,freq: 4,positions: [1, 2, 3, 4]} ---> {docId: 2,freq: 2,positions: [5, 6]}]]>
              </value>
            </param>
            <param index="1">
              <value>
                <![CDATA[[Lhust.cs.javacourse.search.index.AbstractPosting;@f2f2cc1]]>
              </value>
            </param>
          </params>
          <reporter-output>
          </reporter-output>
        </test-method> <!-- testAdd -->
        <test-method signature="testTestToString(hust.cs.javacourse.search.index.AbstractPostingList, [Ljava.lang.String;)[pri:0, instance:hust.cs.javacourse.search.index.PostingListTest@262b2c86]" started-at="2020-05-11T13:19:09Z" name="testTestToString" data-provider="testPostingList" finished-at="2020-05-11T13:19:09Z" duration-ms="2" status="PASS">
          <params>
            <param index="0">
              <value>
                <![CDATA[{docId: 1,freq: 4,positions: [1, 2, 3, 4]} ---> {docId: 2,freq: 2,positions: [5, 6]}]]>
              </value>
            </param>
            <param index="1">
              <value>
                <![CDATA[[Ljava.lang.String;@b62fe6d]]>
              </value>
            </param>
          </params>
          <reporter-output>
          </reporter-output>
        </test-method> <!-- testTestToString -->
        <test-method signature="testGet(hust.cs.javacourse.search.index.AbstractPostingList, [Lhust.cs.javacourse.search.index.AbstractPosting;)[pri:0, instance:hust.cs.javacourse.search.index.PostingListTest@262b2c86]" started-at="2020-05-11T13:19:09Z" name="testGet" data-provider="testPostingList" finished-at="2020-05-11T13:19:09Z" duration-ms="1" status="PASS">
          <params>
            <param index="0">
              <value>
                <![CDATA[{docId: 1,freq: 4,positions: [1, 2, 3, 4]} ---> {docId: 2,freq: 2,positions: [5, 6]}]]>
              </value>
            </param>
            <param index="1">
              <value>
                <![CDATA[[Lhust.cs.javacourse.search.index.AbstractPosting;@3b2cf7ab]]>
              </value>
            </param>
          </params>
          <reporter-output>
          </reporter-output>
        </test-method> <!-- testGet -->
        <test-method signature="testTestAdd(hust.cs.javacourse.search.index.AbstractPostingList, java.util.List)[pri:0, instance:hust.cs.javacourse.search.index.PostingListTest@262b2c86]" started-at="2020-05-11T13:19:09Z" name="testTestAdd" data-provider="testPostingList" finished-at="2020-05-11T13:19:09Z" duration-ms="0" status="PASS">
          <params>
            <param index="0">
              <value>
                <![CDATA[{docId: 1,freq: 4,positions: [1, 2, 3, 4]} ---> {docId: 2,freq: 2,positions: [5, 6]}]]>
              </value>
            </param>
            <param index="1">
              <value>
                <![CDATA[[{docId: 1,freq: 4,positions: [1, 2, 3, 4]}, {docId: 1,freq: 4,positions: [2, 4, 3, 1]}, {docId: 2,freq: 2,positions: [5, 6]}]]]>
              </value>
            </param>
          </params>
          <reporter-output>
          </reporter-output>
        </test-method> <!-- testTestAdd -->
        <test-method signature="testIndexOf(hust.cs.javacourse.search.index.AbstractPostingList, [Lhust.cs.javacourse.search.index.AbstractPosting;)[pri:0, instance:hust.cs.javacourse.search.index.PostingListTest@262b2c86]" started-at="2020-05-11T13:19:09Z" name="testIndexOf" data-provider="testPostingList" finished-at="2020-05-11T13:19:09Z" duration-ms="0" status="PASS">
          <params>
            <param index="0">
              <value>
                <![CDATA[{docId: 1,freq: 4,positions: [1, 2, 3, 4]} ---> {docId: 2,freq: 2,positions: [5, 6]}]]>
              </value>
            </param>
            <param index="1">
              <value>
                <![CDATA[[Lhust.cs.javacourse.search.index.AbstractPosting;@2aa5fe93]]>
              </value>
            </param>
          </params>
          <reporter-output>
          </reporter-output>
        </test-method> <!-- testIndexOf -->
        <test-method signature="testTestIndexOf(hust.cs.javacourse.search.index.AbstractPostingList, [Lhust.cs.javacourse.search.index.AbstractPosting;)[pri:0, instance:hust.cs.javacourse.search.index.PostingListTest@262b2c86]" started-at="2020-05-11T13:19:09Z" name="testTestIndexOf" data-provider="testPostingList" finished-at="2020-05-11T13:19:09Z" duration-ms="0" status="PASS">
          <params>
            <param index="0">
              <value>
                <![CDATA[{docId: 1,freq: 4,positions: [1, 2, 3, 4]} ---> {docId: 2,freq: 2,positions: [5, 6]}]]>
              </value>
            </param>
            <param index="1">
              <value>
                <![CDATA[[Lhust.cs.javacourse.search.index.AbstractPosting;@6156496]]>
              </value>
            </param>
          </params>
          <reporter-output>
          </reporter-output>
        </test-method> <!-- testTestIndexOf -->
        <test-method signature="testContains(hust.cs.javacourse.search.index.AbstractPostingList, [Lhust.cs.javacourse.search.index.AbstractPosting;)[pri:0, instance:hust.cs.javacourse.search.index.PostingListTest@262b2c86]" started-at="2020-05-11T13:19:09Z" name="testContains" data-provider="testPostingList" finished-at="2020-05-11T13:19:09Z" duration-ms="0" status="PASS">
          <params>
            <param index="0">
              <value>
                <![CDATA[{docId: 1,freq: 4,positions: [1, 2, 3, 4]}]]>
              </value>
            </param>
            <param index="1">
              <value>
                <![CDATA[[Lhust.cs.javacourse.search.index.AbstractPosting;@3a079870]]>
              </value>
            </param>
          </params>
          <reporter-output>
          </reporter-output>
        </test-method> <!-- testContains -->
        <test-method signature="testTestRemove(hust.cs.javacourse.search.index.AbstractPostingList, [Lhust.cs.javacourse.search.index.AbstractPosting;)[pri:0, instance:hust.cs.javacourse.search.index.PostingListTest@262b2c86]" started-at="2020-05-11T13:19:09Z" name="testTestRemove" data-provider="testPostingList" finished-at="2020-05-11T13:19:09Z" duration-ms="0" status="PASS">
          <params>
            <param index="0">
              <value>
                <![CDATA[]]>
              </value>
            </param>
            <param index="1">
              <value>
                <![CDATA[[Lhust.cs.javacourse.search.index.AbstractPosting;@3c153a1]]>
              </value>
            </param>
          </params>
          <reporter-output>
          </reporter-output>
        </test-method> <!-- testTestRemove -->
        <test-method signature="testRemove(hust.cs.javacourse.search.index.AbstractPostingList, [Lhust.cs.javacourse.search.index.AbstractPosting;)[pri:0, instance:hust.cs.javacourse.search.index.PostingListTest@262b2c86]" started-at="2020-05-11T13:19:09Z" name="testRemove" data-provider="testPostingList" finished-at="2020-05-11T13:19:09Z" duration-ms="0" status="PASS">
          <params>
            <param index="0">
              <value>
                <![CDATA[]]>
              </value>
            </param>
            <param index="1">
              <value>
                <![CDATA[[Lhust.cs.javacourse.search.index.AbstractPosting;@5c1a8622]]>
              </value>
            </param>
          </params>
          <reporter-output>
          </reporter-output>
        </test-method> <!-- testRemove -->
        <test-method signature="testClear(hust.cs.javacourse.search.index.AbstractPostingList, java.lang.Object)[pri:0, instance:hust.cs.javacourse.search.index.PostingListTest@262b2c86]" started-at="2020-05-11T13:19:09Z" name="testClear" data-provider="testPostingList" finished-at="2020-05-11T13:19:09Z" duration-ms="1" status="PASS">
          <params>
            <param index="0">
              <value>
                <![CDATA[]]>
              </value>
            </param>
            <param index="1">
              <value is-null="true"/>
            </param>
          </params>
          <reporter-output>
          </reporter-output>
        </test-method> <!-- testClear -->
        <test-method signature="testSize(hust.cs.javacourse.search.index.AbstractPostingList, int)[pri:0, instance:hust.cs.javacourse.search.index.PostingListTest@262b2c86]" started-at="2020-05-11T13:19:09Z" name="testSize" data-provider="testPostingList" finished-at="2020-05-11T13:19:09Z" duration-ms="0" status="PASS">
          <params>
            <param index="0">
              <value>
                <![CDATA[]]>
              </value>
            </param>
            <param index="1">
              <value>
                <![CDATA[0]]>
              </value>
            </param>
          </params>
          <reporter-output>
          </reporter-output>
        </test-method> <!-- testSize -->
        <test-method signature="testSize(hust.cs.javacourse.search.index.AbstractPostingList, int)[pri:0, instance:hust.cs.javacourse.search.index.PostingListTest@262b2c86]" started-at="2020-05-11T13:19:09Z" name="testSize" data-provider="testPostingList" finished-at="2020-05-11T13:19:09Z" duration-ms="0" status="PASS">
          <params>
            <param index="0">
              <value>
                <![CDATA[{docId: 1,freq: 4,positions: [1, 2, 3, 4]} ---> {docId: 2,freq: 2,positions: [5, 6]}]]>
              </value>
            </param>
            <param index="1">
              <value>
                <![CDATA[2]]>
              </value>
            </param>
          </params>
          <reporter-output>
          </reporter-output>
        </test-method> <!-- testSize -->
        <test-method signature="testIsEmpty(hust.cs.javacourse.search.index.AbstractPostingList, boolean)[pri:0, instance:hust.cs.javacourse.search.index.PostingListTest@262b2c86]" started-at="2020-05-11T13:19:09Z" name="testIsEmpty" data-provider="testPostingList" finished-at="2020-05-11T13:19:09Z" duration-ms="0" status="PASS">
          <params>
            <param index="0">
              <value>
                <![CDATA[]]>
              </value>
            </param>
            <param index="1">
              <value>
                <![CDATA[true]]>
              </value>
            </param>
          </params>
          <reporter-output>
          </reporter-output>
        </test-method> <!-- testIsEmpty -->
        <test-method signature="testIsEmpty(hust.cs.javacourse.search.index.AbstractPostingList, boolean)[pri:0, instance:hust.cs.javacourse.search.index.PostingListTest@262b2c86]" started-at="2020-05-11T13:19:09Z" name="testIsEmpty" data-provider="testPostingList" finished-at="2020-05-11T13:19:09Z" duration-ms="0" status="PASS">
          <params>
            <param index="0">
              <value>
                <![CDATA[{docId: 1,freq: 4,positions: [1, 2, 3, 4]} ---> {docId: 2,freq: 2,positions: [5, 6]}]]>
              </value>
            </param>
            <param index="1">
              <value>
                <![CDATA[false]]>
              </value>
            </param>
          </params>
          <reporter-output>
          </reporter-output>
        </test-method> <!-- testIsEmpty -->
        <test-method signature="testSort(hust.cs.javacourse.search.index.AbstractPostingList, [Ljava.lang.Integer;)[pri:0, instance:hust.cs.javacourse.search.index.PostingListTest@262b2c86]" started-at="2020-05-11T13:19:09Z" name="testSort" data-provider="testPostingList" finished-at="2020-05-11T13:19:09Z" duration-ms="0" status="PASS">
          <params>
            <param index="0">
              <value>
                <![CDATA[{docId: 2,freq: 4,positions: [5, 9, 7, 8]} ---> {docId: 3,freq: 2,positions: [10, 11]} ---> {docId: 4,freq: 4,positions: [1, 4, 3, 2]}]]>
              </value>
            </param>
            <param index="1">
              <value>
                <![CDATA[[Ljava.lang.Integer;@5ad851c9]]>
              </value>
            </param>
          </params>
          <reporter-output>
          </reporter-output>
        </test-method> <!-- testSort -->
        <test-method signature="testWriteObject(hust.cs.javacourse.search.index.AbstractPostingList, java.lang.String)[pri:0, instance:hust.cs.javacourse.search.index.PostingListTest@262b2c86]" started-at="2020-05-11T13:19:09Z" name="testWriteObject" data-provider="testPostingList" finished-at="2020-05-11T13:19:09Z" duration-ms="2" status="PASS">
          <params>
            <param index="0">
              <value>
                <![CDATA[{docId: 1,freq: 4,positions: [1, 2, 3, 4]} ---> {docId: 2,freq: 2,positions: [5, 6]}]]>
              </value>
            </param>
            <param index="1">
              <value>
                <![CDATA[/home/pkj/Learn_Java/HUST/%e5%ae%9e%e9%aa%8c/Java%e6%96%b0%e5%ae%9e%e9%aa%8c%e4%b8%80/Experiment1Tes4_4Linux/test/config/..//ser/PostingList.dat]]>
              </value>
            </param>
          </params>
          <reporter-output>
          </reporter-output>
        </test-method> <!-- testWriteObject -->
        <test-method signature="testReadObject(hust.cs.javacourse.search.index.AbstractPostingList, java.lang.String)[pri:0, instance:hust.cs.javacourse.search.index.PostingListTest@262b2c86]" started-at="2020-05-11T13:19:09Z" name="testReadObject" data-provider="testPostingList" finished-at="2020-05-11T13:19:09Z" duration-ms="10" status="PASS">
          <params>
            <param index="0">
              <value>
                <![CDATA[{docId: 1,freq: 4,positions: [1, 2, 3, 4]} ---> {docId: 2,freq: 2,positions: [5, 6]}]]>
              </value>
            </param>
            <param index="1">
              <value>
                <![CDATA[/home/pkj/Learn_Java/HUST/%e5%ae%9e%e9%aa%8c/Java%e6%96%b0%e5%ae%9e%e9%aa%8c%e4%b8%80/Experiment1Tes4_4Linux/test/config/..//ser/PostingList.dat]]>
              </value>
            </param>
          </params>
          <reporter-output>
          </reporter-output>
        </test-method> <!-- testReadObject -->
      </class> <!-- hust.cs.javacourse.search.index.PostingListTest -->
    </test> <!-- D:/IdeaWorkspace/SeachEngine/test/hust/cs/javacourse/search/index/PostingListTest.java -->
    <test started-at="2020-05-11T13:19:09Z" name="D:/IdeaWorkspace/SeachEngine/test/hust/cs/javacourse/search/index/DocumentTest.java" finished-at="2020-05-11T13:19:09Z" duration-ms="12">
      <class name="hust.cs.javacourse.search.index.DocumentTest">
        <test-method signature="testGetDocId(hust.cs.javacourse.search.index.AbstractDocument, int)[pri:0, instance:hust.cs.javacourse.search.index.DocumentTest@6121c9d6]" started-at="2020-05-11T13:19:09Z" name="testGetDocId" data-provider="testDocument" finished-at="2020-05-11T13:19:09Z" duration-ms="1" status="PASS">
          <params>
            <param index="0">
              <value>
                <![CDATA[{docId: 1,docPath: C:/1.txt,tuples:
<term:aaa,freq: 1,curPos: 17>}
]]>
              </value>
            </param>
            <param index="1">
              <value>
                <![CDATA[1]]>
              </value>
            </param>
          </params>
          <reporter-output>
          </reporter-output>
        </test-method> <!-- testGetDocId -->
        <test-method signature="testSetDocId(hust.cs.javacourse.search.index.AbstractDocument, int)[pri:0, instance:hust.cs.javacourse.search.index.DocumentTest@6121c9d6]" started-at="2020-05-11T13:19:09Z" name="testSetDocId" data-provider="testDocument" finished-at="2020-05-11T13:19:09Z" duration-ms="0" status="PASS">
          <params>
            <param index="0">
              <value>
                <![CDATA[{docId: 2,docPath: null,tuples:
}
]]>
              </value>
            </param>
            <param index="1">
              <value>
                <![CDATA[2]]>
              </value>
            </param>
          </params>
          <reporter-output>
          </reporter-output>
        </test-method> <!-- testSetDocId -->
        <test-method signature="testGetTuples(hust.cs.javacourse.search.index.AbstractDocument, java.util.List)[pri:0, instance:hust.cs.javacourse.search.index.DocumentTest@6121c9d6]" started-at="2020-05-11T13:19:09Z" name="testGetTuples" data-provider="testDocument" finished-at="2020-05-11T13:19:09Z" duration-ms="1" status="PASS">
          <params>
            <param index="0">
              <value>
                <![CDATA[{docId: 1,docPath: C:/1.txt,tuples:
<term:aaa,freq: 1,curPos: 17><term:bbb,freq: 1,curPos: 30>}
]]>
              </value>
            </param>
            <param index="1">
              <value>
                <![CDATA[[<term:aaa,freq: 1,curPos: 17>, <term:bbb,freq: 1,curPos: 30>]]]>
              </value>
            </param>
          </params>
          <reporter-output>
          </reporter-output>
        </test-method> <!-- testGetTuples -->
        <test-method signature="testSetDocPath(hust.cs.javacourse.search.index.AbstractDocument, java.lang.String)[pri:0, instance:hust.cs.javacourse.search.index.DocumentTest@6121c9d6]" started-at="2020-05-11T13:19:09Z" name="testSetDocPath" data-provider="testDocument" finished-at="2020-05-11T13:19:09Z" duration-ms="0" status="PASS">
          <params>
            <param index="0">
              <value>
                <![CDATA[{docId: 0,docPath: C:/2.txt,tuples:
}
]]>
              </value>
            </param>
            <param index="1">
              <value>
                <![CDATA[C:/2.txt]]>
              </value>
            </param>
          </params>
          <reporter-output>
          </reporter-output>
        </test-method> <!-- testSetDocPath -->
        <test-method signature="testGetDocPath(hust.cs.javacourse.search.index.AbstractDocument, java.lang.String)[pri:0, instance:hust.cs.javacourse.search.index.DocumentTest@6121c9d6]" started-at="2020-05-11T13:19:09Z" name="testGetDocPath" data-provider="testDocument" finished-at="2020-05-11T13:19:09Z" duration-ms="0" status="PASS">
          <params>
            <param index="0">
              <value>
                <![CDATA[{docId: 1,docPath: C:/1.txt,tuples:
<term:aaa,freq: 1,curPos: 17>}
]]>
              </value>
            </param>
            <param index="1">
              <value>
                <![CDATA[C:/1.txt]]>
              </value>
            </param>
          </params>
          <reporter-output>
          </reporter-output>
        </test-method> <!-- testGetDocPath -->
        <test-method signature="testContains(hust.cs.javacourse.search.index.AbstractDocument, hust.cs.javacourse.search.index.AbstractTermTuple)[pri:0, instance:hust.cs.javacourse.search.index.DocumentTest@6121c9d6]" started-at="2020-05-11T13:19:09Z" name="testContains" data-provider="testDocument" finished-at="2020-05-11T13:19:09Z" duration-ms="0" status="PASS">
          <params>
            <param index="0">
              <value>
                <![CDATA[{docId: 1,docPath: C:/1.txt,tuples:
<term:aaa,freq: 1,curPos: 17><term:bbb,freq: 1,curPos: 30>}
]]>
              </value>
            </param>
            <param index="1">
              <value>
                <![CDATA[<term:aaa,freq: 1,curPos: 17>]]>
              </value>
            </param>
          </params>
          <reporter-output>
          </reporter-output>
        </test-method> <!-- testContains -->
        <test-method signature="testContains(hust.cs.javacourse.search.index.AbstractDocument, hust.cs.javacourse.search.index.AbstractTermTuple)[pri:0, instance:hust.cs.javacourse.search.index.DocumentTest@6121c9d6]" started-at="2020-05-11T13:19:09Z" name="testContains" data-provider="testDocument" finished-at="2020-05-11T13:19:09Z" duration-ms="0" status="PASS">
          <params>
            <param index="0">
              <value>
                <![CDATA[{docId: 1,docPath: C:/1.txt,tuples:
<term:aaa,freq: 1,curPos: 17><term:bbb,freq: 1,curPos: 30>}
]]>
              </value>
            </param>
            <param index="1">
              <value>
                <![CDATA[<term:bbb,freq: 1,curPos: 30>]]>
              </value>
            </param>
          </params>
          <reporter-output>
          </reporter-output>
        </test-method> <!-- testContains -->
        <test-method signature="testAddTuple(hust.cs.javacourse.search.index.AbstractDocument, hust.cs.javacourse.search.index.AbstractTermTuple)[pri:0, instance:hust.cs.javacourse.search.index.DocumentTest@6121c9d6]" started-at="2020-05-11T13:19:09Z" name="testAddTuple" data-provider="testDocument" finished-at="2020-05-11T13:19:09Z" duration-ms="0" status="PASS">
          <params>
            <param index="0">
              <value>
                <![CDATA[{docId: 1,docPath: C:/1.txt,tuples:
<term:aaa,freq: 1,curPos: 17>}
]]>
              </value>
            </param>
            <param index="1">
              <value>
                <![CDATA[<term:aaa,freq: 1,curPos: 17>]]>
              </value>
            </param>
          </params>
          <reporter-output>
          </reporter-output>
        </test-method> <!-- testAddTuple -->
        <test-method signature="testGetTupleSize(hust.cs.javacourse.search.index.AbstractDocument, int)[pri:0, instance:hust.cs.javacourse.search.index.DocumentTest@6121c9d6]" started-at="2020-05-11T13:19:09Z" name="testGetTupleSize" data-provider="testDocument" finished-at="2020-05-11T13:19:09Z" duration-ms="0" status="PASS">
          <params>
            <param index="0">
              <value>
                <![CDATA[{docId: 1,docPath: C:/1.txt,tuples:
}
]]>
              </value>
            </param>
            <param index="1">
              <value>
                <![CDATA[0]]>
              </value>
            </param>
          </params>
          <reporter-output>
          </reporter-output>
        </test-method> <!-- testGetTupleSize -->
        <test-method signature="testGetTupleSize(hust.cs.javacourse.search.index.AbstractDocument, int)[pri:0, instance:hust.cs.javacourse.search.index.DocumentTest@6121c9d6]" started-at="2020-05-11T13:19:09Z" name="testGetTupleSize" data-provider="testDocument" finished-at="2020-05-11T13:19:09Z" duration-ms="0" status="PASS">
          <params>
            <param index="0">
              <value>
                <![CDATA[{docId: 1,docPath: C:/1.txt,tuples:
<term:aaa,freq: 1,curPos: 17><term:bbb,freq: 1,curPos: 30>}
]]>
              </value>
            </param>
            <param index="1">
              <value>
                <![CDATA[2]]>
              </value>
            </param>
          </params>
          <reporter-output>
          </reporter-output>
        </test-method> <!-- testGetTupleSize -->
        <test-method signature="testGetTuple(hust.cs.javacourse.search.index.AbstractDocument, java.util.List)[pri:0, instance:hust.cs.javacourse.search.index.DocumentTest@6121c9d6]" started-at="2020-05-11T13:19:09Z" name="testGetTuple" data-provider="testDocument" finished-at="2020-05-11T13:19:09Z" duration-ms="0" status="PASS">
          <params>
            <param index="0">
              <value>
                <![CDATA[{docId: 1,docPath: C:/1.txt,tuples:
<term:aaa,freq: 1,curPos: 17><term:bbb,freq: 1,curPos: 30>}
]]>
              </value>
            </param>
            <param index="1">
              <value>
                <![CDATA[[<term:aaa,freq: 1,curPos: 17>, <term:bbb,freq: 1,curPos: 30>]]]>
              </value>
            </param>
          </params>
          <reporter-output>
          </reporter-output>
        </test-method> <!-- testGetTuple -->
        <test-method signature="testTestToString(hust.cs.javacourse.search.index.AbstractDocument, [Ljava.lang.String;)[pri:0, instance:hust.cs.javacourse.search.index.DocumentTest@6121c9d6]" started-at="2020-05-11T13:19:09Z" name="testTestToString" data-provider="testDocument" finished-at="2020-05-11T13:19:09Z" duration-ms="0" status="PASS">
          <params>
            <param index="0">
              <value>
                <![CDATA[{docId: 1,docPath: C:/1.txt,tuples:
<term:aaa,freq: 1,curPos: 17><term:bbb,freq: 1,curPos: 30>}
]]>
              </value>
            </param>
            <param index="1">
              <value>
                <![CDATA[[Ljava.lang.String;@71c8becc]]>
              </value>
            </param>
          </params>
          <reporter-output>
          </reporter-output>
        </test-method> <!-- testTestToString -->
      </class> <!-- hust.cs.javacourse.search.index.DocumentTest -->
    </test> <!-- D:/IdeaWorkspace/SeachEngine/test/hust/cs/javacourse/search/index/DocumentTest.java -->
    <test started-at="2020-05-11T13:19:09Z" name="D:/IdeaWorkspace/SeachEngine/test/hust/cs/javacourse/search/parse/TermTupleScannerTest.java" finished-at="2020-05-11T13:19:09Z" duration-ms="16">
      <class name="hust.cs.javacourse.search.parse.TermTupleScannerTest">
        <test-method signature="testNext(hust.cs.javacourse.search.parse.AbstractTermTupleStream, java.util.List)[pri:0, instance:hust.cs.javacourse.search.parse.TermTupleScannerTest@491cc5c9]" started-at="2020-05-11T13:19:09Z" name="testNext" data-provider="testTermTupleScanner" finished-at="2020-05-11T13:19:09Z" duration-ms="0" status="SKIP">
          <exception class="java.lang.RuntimeException">
            <message>
              <![CDATA[java.lang.NullPointerException]]>
            </message>
            <full-stacktrace>
              <![CDATA[java.lang.RuntimeException: java.lang.NullPointerException
at org.testng.internal.MethodInvocationHelper.invokeMethodNoCheckedException(MethodInvocationHelper.java:49)
at org.testng.internal.MethodInvocationHelper.invokeDataProvider(MethodInvocationHelper.java:131)
at org.testng.internal.Parameters.handleParameters(Parameters.java:706)
at org.testng.internal.ParameterHandler.handleParameters(ParameterHandler.java:49)
at org.testng.internal.ParameterHandler.createParameters(ParameterHandler.java:37)
at org.testng.internal.Invoker.invokeTestMethods(Invoker.java:924)
at org.testng.internal.TestMethodWorker.invokeTestMethods(TestMethodWorker.java:125)
at org.testng.internal.TestMethodWorker.run(TestMethodWorker.java:109)
at org.testng.TestRunner.privateRun(TestRunner.java:648)
at org.testng.TestRunner.run(TestRunner.java:505)
at org.testng.SuiteRunner.runTest(SuiteRunner.java:455)
at org.testng.SuiteRunner.runSequentially(SuiteRunner.java:450)
at org.testng.SuiteRunner.privateRun(SuiteRunner.java:415)
at org.testng.SuiteRunner.run(SuiteRunner.java:364)
at org.testng.SuiteRunnerWorker.runSuite(SuiteRunnerWorker.java:52)
at org.testng.SuiteRunnerWorker.run(SuiteRunnerWorker.java:84)
at org.testng.TestNG.runSuitesSequentially(TestNG.java:1208)
at org.testng.TestNG.runSuitesLocally(TestNG.java:1137)
at org.testng.TestNG.runSuites(TestNG.java:1049)
at org.testng.TestNG.run(TestNG.java:1017)
at org.testng.TestNG.privateMain(TestNG.java:1354)
at org.testng.TestNG.main(TestNG.java:1323)
Caused by: java.lang.NullPointerException
at java.base/java.util.regex.Matcher.getTextLength(Matcher.java:1770)
at java.base/java.util.regex.Matcher.reset(Matcher.java:416)
at java.base/java.util.regex.Matcher.<init>(Matcher.java:253)
at java.base/java.util.regex.Pattern.matcher(Pattern.java:1134)
at util.StringSplitter.splitByRegex(StringSplitter.java:35)
at hust.cs.javacourse.search.parse.TermTupleScanFilterTestCase.parse(TermTupleScanFilterTestCase.java:55)
at hust.cs.javacourse.search.parse.TermTupleScanFilterTestCase.parseFile(TermTupleScanFilterTestCase.java:92)
at hust.cs.javacourse.search.parse.TermTupleScannerTestDataProvider.testTermTupleScanner(TermTupleScannerTestDataProvider.java:38)
at java.base/jdk.internal.reflect.NativeMethodAccessorImpl.invoke0(Native Method)
at java.base/jdk.internal.reflect.NativeMethodAccessorImpl.invoke(NativeMethodAccessorImpl.java:62)
at java.base/jdk.internal.reflect.DelegatingMethodAccessorImpl.invoke(DelegatingMethodAccessorImpl.java:43)
at java.base/java.lang.reflect.Method.invoke(Method.java:567)
at org.testng.internal.MethodInvocationHelper.invokeMethod(MethodInvocationHelper.java:124)
at org.testng.internal.MethodInvocationHelper.invokeMethod(MethodInvocationHelper.java:74)
at org.testng.internal.MethodInvocationHelper.invokeMethodNoCheckedException(MethodInvocationHelper.java:45)
... 21 more
]]>
            </full-stacktrace>
          </exception> <!-- java.lang.RuntimeException -->
          <reporter-output>
          </reporter-output>
        </test-method> <!-- testNext -->
      </class> <!-- hust.cs.javacourse.search.parse.TermTupleScannerTest -->
    </test> <!-- D:/IdeaWorkspace/SeachEngine/test/hust/cs/javacourse/search/parse/TermTupleScannerTest.java -->
    <test started-at="2020-05-11T13:19:09Z" name="D:/IdeaWorkspace/SeachEngine/test/hust/cs/javacourse/search/parse/StopWordTermTupleFilterTest.java" finished-at="2020-05-11T13:19:09Z" duration-ms="8">
      <class name="hust.cs.javacourse.search.parse.StopWordTermTupleFilterTest">
        <test-method signature="testNext(hust.cs.javacourse.search.parse.AbstractTermTupleStream, java.util.List)[pri:0, instance:hust.cs.javacourse.search.parse.StopWordTermTupleFilterTest@8646db9]" started-at="2020-05-11T13:19:09Z" name="testNext" data-provider="testStopWordTermTupleFilter" finished-at="2020-05-11T13:19:09Z" duration-ms="0" status="SKIP">
          <exception class="java.lang.RuntimeException">
            <message>
              <![CDATA[java.lang.NullPointerException]]>
            </message>
            <full-stacktrace>
              <![CDATA[java.lang.RuntimeException: java.lang.NullPointerException
at org.testng.internal.MethodInvocationHelper.invokeMethodNoCheckedException(MethodInvocationHelper.java:49)
at org.testng.internal.MethodInvocationHelper.invokeDataProvider(MethodInvocationHelper.java:131)
at org.testng.internal.Parameters.handleParameters(Parameters.java:706)
at org.testng.internal.ParameterHandler.handleParameters(ParameterHandler.java:49)
at org.testng.internal.ParameterHandler.createParameters(ParameterHandler.java:37)
at org.testng.internal.Invoker.invokeTestMethods(Invoker.java:924)
at org.testng.internal.TestMethodWorker.invokeTestMethods(TestMethodWorker.java:125)
at org.testng.internal.TestMethodWorker.run(TestMethodWorker.java:109)
at org.testng.TestRunner.privateRun(TestRunner.java:648)
at org.testng.TestRunner.run(TestRunner.java:505)
at org.testng.SuiteRunner.runTest(SuiteRunner.java:455)
at org.testng.SuiteRunner.runSequentially(SuiteRunner.java:450)
at org.testng.SuiteRunner.privateRun(SuiteRunner.java:415)
at org.testng.SuiteRunner.run(SuiteRunner.java:364)
at org.testng.SuiteRunnerWorker.runSuite(SuiteRunnerWorker.java:52)
at org.testng.SuiteRunnerWorker.run(SuiteRunnerWorker.java:84)
at org.testng.TestNG.runSuitesSequentially(TestNG.java:1208)
at org.testng.TestNG.runSuitesLocally(TestNG.java:1137)
at org.testng.TestNG.runSuites(TestNG.java:1049)
at org.testng.TestNG.run(TestNG.java:1017)
at org.testng.TestNG.privateMain(TestNG.java:1354)
at org.testng.TestNG.main(TestNG.java:1323)
Caused by: java.lang.NullPointerException
at java.base/java.util.regex.Matcher.getTextLength(Matcher.java:1770)
at java.base/java.util.regex.Matcher.reset(Matcher.java:416)
at java.base/java.util.regex.Matcher.<init>(Matcher.java:253)
at java.base/java.util.regex.Pattern.matcher(Pattern.java:1134)
at util.StringSplitter.splitByRegex(StringSplitter.java:35)
at hust.cs.javacourse.search.parse.TermTupleScanFilterTestCase.parse(TermTupleScanFilterTestCase.java:66)
at hust.cs.javacourse.search.parse.TermTupleScanFilterTestCase.parseFile(TermTupleScanFilterTestCase.java:97)
at hust.cs.javacourse.search.parse.StopWordTermTupleFilterTestDataProvider.testStopWordTermTupleFilter(StopWordTermTupleFilterTestDataProvider.java:40)
at java.base/jdk.internal.reflect.NativeMethodAccessorImpl.invoke0(Native Method)
at java.base/jdk.internal.reflect.NativeMethodAccessorImpl.invoke(NativeMethodAccessorImpl.java:62)
at java.base/jdk.internal.reflect.DelegatingMethodAccessorImpl.invoke(DelegatingMethodAccessorImpl.java:43)
at java.base/java.lang.reflect.Method.invoke(Method.java:567)
at org.testng.internal.MethodInvocationHelper.invokeMethod(MethodInvocationHelper.java:124)
at org.testng.internal.MethodInvocationHelper.invokeMethod(MethodInvocationHelper.java:74)
at org.testng.internal.MethodInvocationHelper.invokeMethodNoCheckedException(MethodInvocationHelper.java:45)
... 21 more
]]>
            </full-stacktrace>
          </exception> <!-- java.lang.RuntimeException -->
          <reporter-output>
          </reporter-output>
        </test-method> <!-- testNext -->
      </class> <!-- hust.cs.javacourse.search.parse.StopWordTermTupleFilterTest -->
    </test> <!-- D:/IdeaWorkspace/SeachEngine/test/hust/cs/javacourse/search/parse/StopWordTermTupleFilterTest.java -->
    <test started-at="2020-05-11T13:19:09Z" name="D:/IdeaWorkspace/SeachEngine/test/hust/cs/javacourse/search/parse/PatternTermTupleFilterTest.java" finished-at="2020-05-11T13:19:09Z" duration-ms="5">
      <class name="hust.cs.javacourse.search.parse.PatternTermTupleFilterTest">
        <test-method signature="testNext(hust.cs.javacourse.search.parse.AbstractTermTupleStream, java.util.List)[pri:0, instance:hust.cs.javacourse.search.parse.PatternTermTupleFilterTest@7cbd213e]" started-at="2020-05-11T13:19:09Z" name="testNext" data-provider="testPatternTermTupleFilter" finished-at="2020-05-11T13:19:09Z" duration-ms="0" status="SKIP">
          <exception class="java.lang.RuntimeException">
            <message>
              <![CDATA[java.lang.NullPointerException]]>
            </message>
            <full-stacktrace>
              <![CDATA[java.lang.RuntimeException: java.lang.NullPointerException
at org.testng.internal.MethodInvocationHelper.invokeMethodNoCheckedException(MethodInvocationHelper.java:49)
at org.testng.internal.MethodInvocationHelper.invokeDataProvider(MethodInvocationHelper.java:131)
at org.testng.internal.Parameters.handleParameters(Parameters.java:706)
at org.testng.internal.ParameterHandler.handleParameters(ParameterHandler.java:49)
at org.testng.internal.ParameterHandler.createParameters(ParameterHandler.java:37)
at org.testng.internal.Invoker.invokeTestMethods(Invoker.java:924)
at org.testng.internal.TestMethodWorker.invokeTestMethods(TestMethodWorker.java:125)
at org.testng.internal.TestMethodWorker.run(TestMethodWorker.java:109)
at org.testng.TestRunner.privateRun(TestRunner.java:648)
at org.testng.TestRunner.run(TestRunner.java:505)
at org.testng.SuiteRunner.runTest(SuiteRunner.java:455)
at org.testng.SuiteRunner.runSequentially(SuiteRunner.java:450)
at org.testng.SuiteRunner.privateRun(SuiteRunner.java:415)
at org.testng.SuiteRunner.run(SuiteRunner.java:364)
at org.testng.SuiteRunnerWorker.runSuite(SuiteRunnerWorker.java:52)
at org.testng.SuiteRunnerWorker.run(SuiteRunnerWorker.java:84)
at org.testng.TestNG.runSuitesSequentially(TestNG.java:1208)
at org.testng.TestNG.runSuitesLocally(TestNG.java:1137)
at org.testng.TestNG.runSuites(TestNG.java:1049)
at org.testng.TestNG.run(TestNG.java:1017)
at org.testng.TestNG.privateMain(TestNG.java:1354)
at org.testng.TestNG.main(TestNG.java:1323)
Caused by: java.lang.NullPointerException
at java.base/java.util.regex.Matcher.getTextLength(Matcher.java:1770)
at java.base/java.util.regex.Matcher.reset(Matcher.java:416)
at java.base/java.util.regex.Matcher.<init>(Matcher.java:253)
at java.base/java.util.regex.Pattern.matcher(Pattern.java:1134)
at util.StringSplitter.splitByRegex(StringSplitter.java:35)
at hust.cs.javacourse.search.parse.TermTupleScanFilterTestCase.parse(TermTupleScanFilterTestCase.java:66)
at hust.cs.javacourse.search.parse.TermTupleScanFilterTestCase.parseFile(TermTupleScanFilterTestCase.java:97)
at hust.cs.javacourse.search.parse.PatternTermTupleFilterTestDataProvider.testPatternTermTupleFilter(PatternTermTupleFilterTestDataProvider.java:31)
at java.base/jdk.internal.reflect.NativeMethodAccessorImpl.invoke0(Native Method)
at java.base/jdk.internal.reflect.NativeMethodAccessorImpl.invoke(NativeMethodAccessorImpl.java:62)
at java.base/jdk.internal.reflect.DelegatingMethodAccessorImpl.invoke(DelegatingMethodAccessorImpl.java:43)
at java.base/java.lang.reflect.Method.invoke(Method.java:567)
at org.testng.internal.MethodInvocationHelper.invokeMethod(MethodInvocationHelper.java:124)
at org.testng.internal.MethodInvocationHelper.invokeMethod(MethodInvocationHelper.java:74)
at org.testng.internal.MethodInvocationHelper.invokeMethodNoCheckedException(MethodInvocationHelper.java:45)
... 21 more
]]>
            </full-stacktrace>
          </exception> <!-- java.lang.RuntimeException -->
          <reporter-output>
          </reporter-output>
        </test-method> <!-- testNext -->
      </class> <!-- hust.cs.javacourse.search.parse.PatternTermTupleFilterTest -->
    </test> <!-- D:/IdeaWorkspace/SeachEngine/test/hust/cs/javacourse/search/parse/PatternTermTupleFilterTest.java -->
    <test started-at="2020-05-11T13:19:09Z" name="D:/IdeaWorkspace/SeachEngine/test/hust/cs/javacourse/search/parse/LengthTermTupleFilterTest.java" finished-at="2020-05-11T13:19:09Z" duration-ms="9">
      <class name="hust.cs.javacourse.search.parse.LengthTermTupleFilterTest">
        <test-method signature="testNext(hust.cs.javacourse.search.parse.AbstractTermTupleStream, java.util.List)[pri:0, instance:hust.cs.javacourse.search.parse.LengthTermTupleFilterTest@7a30d1e6]" started-at="2020-05-11T13:19:09Z" name="testNext" data-provider="testLengthTermTupleFilter" finished-at="2020-05-11T13:19:09Z" duration-ms="0" status="SKIP">
          <exception class="java.lang.RuntimeException">
            <message>
              <![CDATA[java.lang.NullPointerException]]>
            </message>
            <full-stacktrace>
              <![CDATA[java.lang.RuntimeException: java.lang.NullPointerException
at org.testng.internal.MethodInvocationHelper.invokeMethodNoCheckedException(MethodInvocationHelper.java:49)
at org.testng.internal.MethodInvocationHelper.invokeDataProvider(MethodInvocationHelper.java:131)
at org.testng.internal.Parameters.handleParameters(Parameters.java:706)
at org.testng.internal.ParameterHandler.handleParameters(ParameterHandler.java:49)
at org.testng.internal.ParameterHandler.createParameters(ParameterHandler.java:37)
at org.testng.internal.Invoker.invokeTestMethods(Invoker.java:924)
at org.testng.internal.TestMethodWorker.invokeTestMethods(TestMethodWorker.java:125)
at org.testng.internal.TestMethodWorker.run(TestMethodWorker.java:109)
at org.testng.TestRunner.privateRun(TestRunner.java:648)
at org.testng.TestRunner.run(TestRunner.java:505)
at org.testng.SuiteRunner.runTest(SuiteRunner.java:455)
at org.testng.SuiteRunner.runSequentially(SuiteRunner.java:450)
at org.testng.SuiteRunner.privateRun(SuiteRunner.java:415)
at org.testng.SuiteRunner.run(SuiteRunner.java:364)
at org.testng.SuiteRunnerWorker.runSuite(SuiteRunnerWorker.java:52)
at org.testng.SuiteRunnerWorker.run(SuiteRunnerWorker.java:84)
at org.testng.TestNG.runSuitesSequentially(TestNG.java:1208)
at org.testng.TestNG.runSuitesLocally(TestNG.java:1137)
at org.testng.TestNG.runSuites(TestNG.java:1049)
at org.testng.TestNG.run(TestNG.java:1017)
at org.testng.TestNG.privateMain(TestNG.java:1354)
at org.testng.TestNG.main(TestNG.java:1323)
Caused by: java.lang.NullPointerException
at java.base/java.util.regex.Matcher.getTextLength(Matcher.java:1770)
at java.base/java.util.regex.Matcher.reset(Matcher.java:416)
at java.base/java.util.regex.Matcher.<init>(Matcher.java:253)
at java.base/java.util.regex.Pattern.matcher(Pattern.java:1134)
at util.StringSplitter.splitByRegex(StringSplitter.java:35)
at hust.cs.javacourse.search.parse.TermTupleScanFilterTestCase.parse(TermTupleScanFilterTestCase.java:66)
at hust.cs.javacourse.search.parse.TermTupleScanFilterTestCase.parseFile(TermTupleScanFilterTestCase.java:97)
at hust.cs.javacourse.search.parse.LengthTermTupleFilterTestDataProvider.testLengthTermTupleFilter(LengthTermTupleFilterTestDataProvider.java:32)
at java.base/jdk.internal.reflect.NativeMethodAccessorImpl.invoke0(Native Method)
at java.base/jdk.internal.reflect.NativeMethodAccessorImpl.invoke(NativeMethodAccessorImpl.java:62)
at java.base/jdk.internal.reflect.DelegatingMethodAccessorImpl.invoke(DelegatingMethodAccessorImpl.java:43)
at java.base/java.lang.reflect.Method.invoke(Method.java:567)
at org.testng.internal.MethodInvocationHelper.invokeMethod(MethodInvocationHelper.java:124)
at org.testng.internal.MethodInvocationHelper.invokeMethod(MethodInvocationHelper.java:74)
at org.testng.internal.MethodInvocationHelper.invokeMethodNoCheckedException(MethodInvocationHelper.java:45)
... 21 more
]]>
            </full-stacktrace>
          </exception> <!-- java.lang.RuntimeException -->
          <reporter-output>
          </reporter-output>
        </test-method> <!-- testNext -->
      </class> <!-- hust.cs.javacourse.search.parse.LengthTermTupleFilterTest -->
    </test> <!-- D:/IdeaWorkspace/SeachEngine/test/hust/cs/javacourse/search/parse/LengthTermTupleFilterTest.java -->
    <test started-at="2020-05-11T13:19:09Z" name="D:/IdeaWorkspace/SeachEngine/test/hust/cs/javacourse/search/parse/ScannerFilterAllInOneTest.java" finished-at="2020-05-11T13:19:09Z" duration-ms="10">
      <class name="hust.cs.javacourse.search.parse.ScannerFilterAllInOneTest">
        <test-method signature="testNext(hust.cs.javacourse.search.parse.AbstractTermTupleStream, java.util.List)[pri:0, instance:hust.cs.javacourse.search.parse.ScannerFilterAllInOneTest@4e718207]" started-at="2020-05-11T13:19:09Z" name="testNext" data-provider="testScannerFilterAllInOne" finished-at="2020-05-11T13:19:09Z" duration-ms="0" status="SKIP">
          <exception class="java.lang.RuntimeException">
            <message>
              <![CDATA[java.lang.NullPointerException]]>
            </message>
            <full-stacktrace>
              <![CDATA[java.lang.RuntimeException: java.lang.NullPointerException
at org.testng.internal.MethodInvocationHelper.invokeMethodNoCheckedException(MethodInvocationHelper.java:49)
at org.testng.internal.MethodInvocationHelper.invokeDataProvider(MethodInvocationHelper.java:131)
at org.testng.internal.Parameters.handleParameters(Parameters.java:706)
at org.testng.internal.ParameterHandler.handleParameters(ParameterHandler.java:49)
at org.testng.internal.ParameterHandler.createParameters(ParameterHandler.java:37)
at org.testng.internal.Invoker.invokeTestMethods(Invoker.java:924)
at org.testng.internal.TestMethodWorker.invokeTestMethods(TestMethodWorker.java:125)
at org.testng.internal.TestMethodWorker.run(TestMethodWorker.java:109)
at org.testng.TestRunner.privateRun(TestRunner.java:648)
at org.testng.TestRunner.run(TestRunner.java:505)
at org.testng.SuiteRunner.runTest(SuiteRunner.java:455)
at org.testng.SuiteRunner.runSequentially(SuiteRunner.java:450)
at org.testng.SuiteRunner.privateRun(SuiteRunner.java:415)
at org.testng.SuiteRunner.run(SuiteRunner.java:364)
at org.testng.SuiteRunnerWorker.runSuite(SuiteRunnerWorker.java:52)
at org.testng.SuiteRunnerWorker.run(SuiteRunnerWorker.java:84)
at org.testng.TestNG.runSuitesSequentially(TestNG.java:1208)
at org.testng.TestNG.runSuitesLocally(TestNG.java:1137)
at org.testng.TestNG.runSuites(TestNG.java:1049)
at org.testng.TestNG.run(TestNG.java:1017)
at org.testng.TestNG.privateMain(TestNG.java:1354)
at org.testng.TestNG.main(TestNG.java:1323)
Caused by: java.lang.NullPointerException
at java.base/java.util.regex.Matcher.getTextLength(Matcher.java:1770)
at java.base/java.util.regex.Matcher.reset(Matcher.java:416)
at java.base/java.util.regex.Matcher.<init>(Matcher.java:253)
at java.base/java.util.regex.Pattern.matcher(Pattern.java:1134)
at util.StringSplitter.splitByRegex(StringSplitter.java:35)
at hust.cs.javacourse.search.parse.TermTupleScanFilterTestCase.parse(TermTupleScanFilterTestCase.java:66)
at hust.cs.javacourse.search.parse.TermTupleScanFilterTestCase.parseFile(TermTupleScanFilterTestCase.java:97)
at hust.cs.javacourse.search.parse.ScannerFilterAllInOneTestDataProvider.testScannerFilterAllInOne(ScannerFilterAllInOneTestDataProvider.java:36)
at java.base/jdk.internal.reflect.NativeMethodAccessorImpl.invoke0(Native Method)
at java.base/jdk.internal.reflect.NativeMethodAccessorImpl.invoke(NativeMethodAccessorImpl.java:62)
at java.base/jdk.internal.reflect.DelegatingMethodAccessorImpl.invoke(DelegatingMethodAccessorImpl.java:43)
at java.base/java.lang.reflect.Method.invoke(Method.java:567)
at org.testng.internal.MethodInvocationHelper.invokeMethod(MethodInvocationHelper.java:124)
at org.testng.internal.MethodInvocationHelper.invokeMethod(MethodInvocationHelper.java:74)
at org.testng.internal.MethodInvocationHelper.invokeMethodNoCheckedException(MethodInvocationHelper.java:45)
... 21 more
]]>
            </full-stacktrace>
          </exception> <!-- java.lang.RuntimeException -->
          <reporter-output>
          </reporter-output>
        </test-method> <!-- testNext -->
      </class> <!-- hust.cs.javacourse.search.parse.ScannerFilterAllInOneTest -->
    </test> <!-- D:/IdeaWorkspace/SeachEngine/test/hust/cs/javacourse/search/parse/ScannerFilterAllInOneTest.java -->
    <test started-at="2020-05-11T13:19:09Z" name="D:/IdeaWorkspace/SeachEngine/test/hust/cs/javacourse/search/index/DocumentBuilderTest.java" finished-at="2020-05-11T13:19:09Z" duration-ms="373">
      <class name="hust.cs.javacourse.search.index.DocumentBuilderTest">
        <test-method signature="testBuild(hust.cs.javacourse.search.index.AbstractDocument, hust.cs.javacourse.search.index.AbstractDocument)[pri:0, instance:hust.cs.javacourse.search.index.DocumentBuilderTest@2a70a3d8]" started-at="2020-05-11T13:19:09Z" name="testBuild" data-provider="testDocumentBuilder" finished-at="2020-05-11T13:19:09Z" duration-ms="0" status="FAIL">
          <params>
            <param index="0">
              <value is-null="true"/>
            </param>
            <param index="1">
              <value is-null="true"/>
            </param>
          </params>
          <exception class="java.lang.NullPointerException">
            <full-stacktrace>
              <![CDATA[java.lang.NullPointerException
at util.CustomComparator.isEqual(CustomComparator.java:27)
at hust.cs.javacourse.search.index.DocumentBuilderTest.testBuild(DocumentBuilderTest.java:13)
at java.base/jdk.internal.reflect.NativeMethodAccessorImpl.invoke0(Native Method)
at java.base/jdk.internal.reflect.NativeMethodAccessorImpl.invoke(NativeMethodAccessorImpl.java:62)
at java.base/jdk.internal.reflect.DelegatingMethodAccessorImpl.invoke(DelegatingMethodAccessorImpl.java:43)
at java.base/java.lang.reflect.Method.invoke(Method.java:567)
at org.testng.internal.MethodInvocationHelper.invokeMethod(MethodInvocationHelper.java:124)
at org.testng.internal.Invoker.invokeMethod(Invoker.java:583)
at org.testng.internal.Invoker.invokeTestMethod(Invoker.java:719)
at org.testng.internal.Invoker.invokeTestMethods(Invoker.java:989)
at org.testng.internal.TestMethodWorker.invokeTestMethods(TestMethodWorker.java:125)
at org.testng.internal.TestMethodWorker.run(TestMethodWorker.java:109)
at org.testng.TestRunner.privateRun(TestRunner.java:648)
at org.testng.TestRunner.run(TestRunner.java:505)
at org.testng.SuiteRunner.runTest(SuiteRunner.java:455)
at org.testng.SuiteRunner.runSequentially(SuiteRunner.java:450)
at org.testng.SuiteRunner.privateRun(SuiteRunner.java:415)
at org.testng.SuiteRunner.run(SuiteRunner.java:364)
at org.testng.SuiteRunnerWorker.runSuite(SuiteRunnerWorker.java:52)
at org.testng.SuiteRunnerWorker.run(SuiteRunnerWorker.java:84)
at org.testng.TestNG.runSuitesSequentially(TestNG.java:1208)
at org.testng.TestNG.runSuitesLocally(TestNG.java:1137)
at org.testng.TestNG.runSuites(TestNG.java:1049)
at org.testng.TestNG.run(TestNG.java:1017)
at org.testng.TestNG.privateMain(TestNG.java:1354)
at org.testng.TestNG.main(TestNG.java:1323)
]]>
            </full-stacktrace>
          </exception> <!-- java.lang.NullPointerException -->
          <reporter-output>
          </reporter-output>
        </test-method> <!-- testBuild -->
        <test-method signature="testBuild(hust.cs.javacourse.search.index.AbstractDocument, hust.cs.javacourse.search.index.AbstractDocument)[pri:0, instance:hust.cs.javacourse.search.index.DocumentBuilderTest@2a70a3d8]" started-at="2020-05-11T13:19:09Z" name="testBuild" data-provider="testDocumentBuilder" finished-at="2020-05-11T13:19:09Z" duration-ms="0" status="FAIL">
          <params>
            <param index="0">
              <value is-null="true"/>
            </param>
            <param index="1">
              <value is-null="true"/>
            </param>
          </params>
          <exception class="java.lang.NullPointerException">
            <full-stacktrace>
              <![CDATA[java.lang.NullPointerException
at util.CustomComparator.isEqual(CustomComparator.java:27)
at hust.cs.javacourse.search.index.DocumentBuilderTest.testBuild(DocumentBuilderTest.java:13)
at java.base/jdk.internal.reflect.NativeMethodAccessorImpl.invoke0(Native Method)
at java.base/jdk.internal.reflect.NativeMethodAccessorImpl.invoke(NativeMethodAccessorImpl.java:62)
at java.base/jdk.internal.reflect.DelegatingMethodAccessorImpl.invoke(DelegatingMethodAccessorImpl.java:43)
at java.base/java.lang.reflect.Method.invoke(Method.java:567)
at org.testng.internal.MethodInvocationHelper.invokeMethod(MethodInvocationHelper.java:124)
at org.testng.internal.Invoker.invokeMethod(Invoker.java:583)
at org.testng.internal.Invoker.invokeTestMethod(Invoker.java:719)
at org.testng.internal.Invoker.invokeTestMethods(Invoker.java:989)
at org.testng.internal.TestMethodWorker.invokeTestMethods(TestMethodWorker.java:125)
at org.testng.internal.TestMethodWorker.run(TestMethodWorker.java:109)
at org.testng.TestRunner.privateRun(TestRunner.java:648)
at org.testng.TestRunner.run(TestRunner.java:505)
at org.testng.SuiteRunner.runTest(SuiteRunner.java:455)
at org.testng.SuiteRunner.runSequentially(SuiteRunner.java:450)
at org.testng.SuiteRunner.privateRun(SuiteRunner.java:415)
at org.testng.SuiteRunner.run(SuiteRunner.java:364)
at org.testng.SuiteRunnerWorker.runSuite(SuiteRunnerWorker.java:52)
at org.testng.SuiteRunnerWorker.run(SuiteRunnerWorker.java:84)
at org.testng.TestNG.runSuitesSequentially(TestNG.java:1208)
at org.testng.TestNG.runSuitesLocally(TestNG.java:1137)
at org.testng.TestNG.runSuites(TestNG.java:1049)
at org.testng.TestNG.run(TestNG.java:1017)
at org.testng.TestNG.privateMain(TestNG.java:1354)
at org.testng.TestNG.main(TestNG.java:1323)
]]>
            </full-stacktrace>
          </exception> <!-- java.lang.NullPointerException -->
          <reporter-output>
          </reporter-output>
        </test-method> <!-- testBuild -->
        <test-method signature="testBuild(hust.cs.javacourse.search.index.AbstractDocument, hust.cs.javacourse.search.index.AbstractDocument)[pri:0, instance:hust.cs.javacourse.search.index.DocumentBuilderTest@2a70a3d8]" started-at="2020-05-11T13:19:09Z" name="testBuild" data-provider="testDocumentBuilder" finished-at="2020-05-11T13:19:09Z" duration-ms="0" status="FAIL">
          <params>
            <param index="0">
              <value is-null="true"/>
            </param>
            <param index="1">
              <value is-null="true"/>
            </param>
          </params>
          <exception class="java.lang.NullPointerException">
            <full-stacktrace>
              <![CDATA[java.lang.NullPointerException
at util.CustomComparator.isEqual(CustomComparator.java:27)
at hust.cs.javacourse.search.index.DocumentBuilderTest.testBuild(DocumentBuilderTest.java:13)
at java.base/jdk.internal.reflect.NativeMethodAccessorImpl.invoke0(Native Method)
at java.base/jdk.internal.reflect.NativeMethodAccessorImpl.invoke(NativeMethodAccessorImpl.java:62)
at java.base/jdk.internal.reflect.DelegatingMethodAccessorImpl.invoke(DelegatingMethodAccessorImpl.java:43)
at java.base/java.lang.reflect.Method.invoke(Method.java:567)
at org.testng.internal.MethodInvocationHelper.invokeMethod(MethodInvocationHelper.java:124)
at org.testng.internal.Invoker.invokeMethod(Invoker.java:583)
at org.testng.internal.Invoker.invokeTestMethod(Invoker.java:719)
at org.testng.internal.Invoker.invokeTestMethods(Invoker.java:989)
at org.testng.internal.TestMethodWorker.invokeTestMethods(TestMethodWorker.java:125)
at org.testng.internal.TestMethodWorker.run(TestMethodWorker.java:109)
at org.testng.TestRunner.privateRun(TestRunner.java:648)
at org.testng.TestRunner.run(TestRunner.java:505)
at org.testng.SuiteRunner.runTest(SuiteRunner.java:455)
at org.testng.SuiteRunner.runSequentially(SuiteRunner.java:450)
at org.testng.SuiteRunner.privateRun(SuiteRunner.java:415)
at org.testng.SuiteRunner.run(SuiteRunner.java:364)
at org.testng.SuiteRunnerWorker.runSuite(SuiteRunnerWorker.java:52)
at org.testng.SuiteRunnerWorker.run(SuiteRunnerWorker.java:84)
at org.testng.TestNG.runSuitesSequentially(TestNG.java:1208)
at org.testng.TestNG.runSuitesLocally(TestNG.java:1137)
at org.testng.TestNG.runSuites(TestNG.java:1049)
at org.testng.TestNG.run(TestNG.java:1017)
at org.testng.TestNG.privateMain(TestNG.java:1354)
at org.testng.TestNG.main(TestNG.java:1323)
]]>
            </full-stacktrace>
          </exception> <!-- java.lang.NullPointerException -->
          <reporter-output>
          </reporter-output>
        </test-method> <!-- testBuild -->
        <test-method signature="testBuild(hust.cs.javacourse.search.index.AbstractDocument, hust.cs.javacourse.search.index.AbstractDocument)[pri:0, instance:hust.cs.javacourse.search.index.DocumentBuilderTest@2a70a3d8]" started-at="2020-05-11T13:19:09Z" name="testBuild" data-provider="testDocumentBuilder" finished-at="2020-05-11T13:19:09Z" duration-ms="1" status="FAIL">
          <params>
            <param index="0">
              <value is-null="true"/>
            </param>
            <param index="1">
              <value is-null="true"/>
            </param>
          </params>
          <exception class="java.lang.NullPointerException">
            <full-stacktrace>
              <![CDATA[java.lang.NullPointerException
at util.CustomComparator.isEqual(CustomComparator.java:27)
at hust.cs.javacourse.search.index.DocumentBuilderTest.testBuild(DocumentBuilderTest.java:13)
at java.base/jdk.internal.reflect.NativeMethodAccessorImpl.invoke0(Native Method)
at java.base/jdk.internal.reflect.NativeMethodAccessorImpl.invoke(NativeMethodAccessorImpl.java:62)
at java.base/jdk.internal.reflect.DelegatingMethodAccessorImpl.invoke(DelegatingMethodAccessorImpl.java:43)
at java.base/java.lang.reflect.Method.invoke(Method.java:567)
at org.testng.internal.MethodInvocationHelper.invokeMethod(MethodInvocationHelper.java:124)
at org.testng.internal.Invoker.invokeMethod(Invoker.java:583)
at org.testng.internal.Invoker.invokeTestMethod(Invoker.java:719)
at org.testng.internal.Invoker.invokeTestMethods(Invoker.java:989)
at org.testng.internal.TestMethodWorker.invokeTestMethods(TestMethodWorker.java:125)
at org.testng.internal.TestMethodWorker.run(TestMethodWorker.java:109)
at org.testng.TestRunner.privateRun(TestRunner.java:648)
at org.testng.TestRunner.run(TestRunner.java:505)
at org.testng.SuiteRunner.runTest(SuiteRunner.java:455)
at org.testng.SuiteRunner.runSequentially(SuiteRunner.java:450)
at org.testng.SuiteRunner.privateRun(SuiteRunner.java:415)
at org.testng.SuiteRunner.run(SuiteRunner.java:364)
at org.testng.SuiteRunnerWorker.runSuite(SuiteRunnerWorker.java:52)
at org.testng.SuiteRunnerWorker.run(SuiteRunnerWorker.java:84)
at org.testng.TestNG.runSuitesSequentially(TestNG.java:1208)
at org.testng.TestNG.runSuitesLocally(TestNG.java:1137)
at org.testng.TestNG.runSuites(TestNG.java:1049)
at org.testng.TestNG.run(TestNG.java:1017)
at org.testng.TestNG.privateMain(TestNG.java:1354)
at org.testng.TestNG.main(TestNG.java:1323)
]]>
            </full-stacktrace>
          </exception> <!-- java.lang.NullPointerException -->
          <reporter-output>
          </reporter-output>
        </test-method> <!-- testBuild -->
        <test-method signature="testBuild(hust.cs.javacourse.search.index.AbstractDocument, hust.cs.javacourse.search.index.AbstractDocument)[pri:0, instance:hust.cs.javacourse.search.index.DocumentBuilderTest@2a70a3d8]" started-at="2020-05-11T13:19:09Z" name="testBuild" data-provider="testDocumentBuilder" finished-at="2020-05-11T13:19:09Z" duration-ms="0" status="FAIL">
          <params>
            <param index="0">
              <value is-null="true"/>
            </param>
            <param index="1">
              <value is-null="true"/>
            </param>
          </params>
          <exception class="java.lang.NullPointerException">
            <full-stacktrace>
              <![CDATA[java.lang.NullPointerException
at util.CustomComparator.isEqual(CustomComparator.java:27)
at hust.cs.javacourse.search.index.DocumentBuilderTest.testBuild(DocumentBuilderTest.java:13)
at java.base/jdk.internal.reflect.NativeMethodAccessorImpl.invoke0(Native Method)
at java.base/jdk.internal.reflect.NativeMethodAccessorImpl.invoke(NativeMethodAccessorImpl.java:62)
at java.base/jdk.internal.reflect.DelegatingMethodAccessorImpl.invoke(DelegatingMethodAccessorImpl.java:43)
at java.base/java.lang.reflect.Method.invoke(Method.java:567)
at org.testng.internal.MethodInvocationHelper.invokeMethod(MethodInvocationHelper.java:124)
at org.testng.internal.Invoker.invokeMethod(Invoker.java:583)
at org.testng.internal.Invoker.invokeTestMethod(Invoker.java:719)
at org.testng.internal.Invoker.invokeTestMethods(Invoker.java:989)
at org.testng.internal.TestMethodWorker.invokeTestMethods(TestMethodWorker.java:125)
at org.testng.internal.TestMethodWorker.run(TestMethodWorker.java:109)
at org.testng.TestRunner.privateRun(TestRunner.java:648)
at org.testng.TestRunner.run(TestRunner.java:505)
at org.testng.SuiteRunner.runTest(SuiteRunner.java:455)
at org.testng.SuiteRunner.runSequentially(SuiteRunner.java:450)
at org.testng.SuiteRunner.privateRun(SuiteRunner.java:415)
at org.testng.SuiteRunner.run(SuiteRunner.java:364)
at org.testng.SuiteRunnerWorker.runSuite(SuiteRunnerWorker.java:52)
at org.testng.SuiteRunnerWorker.run(SuiteRunnerWorker.java:84)
at org.testng.TestNG.runSuitesSequentially(TestNG.java:1208)
at org.testng.TestNG.runSuitesLocally(TestNG.java:1137)
at org.testng.TestNG.runSuites(TestNG.java:1049)
at org.testng.TestNG.run(TestNG.java:1017)
at org.testng.TestNG.privateMain(TestNG.java:1354)
at org.testng.TestNG.main(TestNG.java:1323)
]]>
            </full-stacktrace>
          </exception> <!-- java.lang.NullPointerException -->
          <reporter-output>
          </reporter-output>
        </test-method> <!-- testBuild -->
        <test-method signature="testTestBuild(hust.cs.javacourse.search.index.AbstractDocument, hust.cs.javacourse.search.index.AbstractDocument)[pri:0, instance:hust.cs.javacourse.search.index.DocumentBuilderTest@2a70a3d8]" started-at="2020-05-11T13:19:09Z" name="testTestBuild" data-provider="testDocumentBuilder" finished-at="2020-05-11T13:19:09Z" duration-ms="0" status="FAIL">
          <params>
            <param index="0">
              <value is-null="true"/>
            </param>
            <param index="1">
              <value is-null="true"/>
            </param>
          </params>
          <exception class="java.lang.NullPointerException">
            <full-stacktrace>
              <![CDATA[java.lang.NullPointerException
at util.CustomComparator.isEqual(CustomComparator.java:27)
at hust.cs.javacourse.search.index.DocumentBuilderTest.testTestBuild(DocumentBuilderTest.java:18)
at java.base/jdk.internal.reflect.NativeMethodAccessorImpl.invoke0(Native Method)
at java.base/jdk.internal.reflect.NativeMethodAccessorImpl.invoke(NativeMethodAccessorImpl.java:62)
at java.base/jdk.internal.reflect.DelegatingMethodAccessorImpl.invoke(DelegatingMethodAccessorImpl.java:43)
at java.base/java.lang.reflect.Method.invoke(Method.java:567)
at org.testng.internal.MethodInvocationHelper.invokeMethod(MethodInvocationHelper.java:124)
at org.testng.internal.Invoker.invokeMethod(Invoker.java:583)
at org.testng.internal.Invoker.invokeTestMethod(Invoker.java:719)
at org.testng.internal.Invoker.invokeTestMethods(Invoker.java:989)
at org.testng.internal.TestMethodWorker.invokeTestMethods(TestMethodWorker.java:125)
at org.testng.internal.TestMethodWorker.run(TestMethodWorker.java:109)
at org.testng.TestRunner.privateRun(TestRunner.java:648)
at org.testng.TestRunner.run(TestRunner.java:505)
at org.testng.SuiteRunner.runTest(SuiteRunner.java:455)
at org.testng.SuiteRunner.runSequentially(SuiteRunner.java:450)
at org.testng.SuiteRunner.privateRun(SuiteRunner.java:415)
at org.testng.SuiteRunner.run(SuiteRunner.java:364)
at org.testng.SuiteRunnerWorker.runSuite(SuiteRunnerWorker.java:52)
at org.testng.SuiteRunnerWorker.run(SuiteRunnerWorker.java:84)
at org.testng.TestNG.runSuitesSequentially(TestNG.java:1208)
at org.testng.TestNG.runSuitesLocally(TestNG.java:1137)
at org.testng.TestNG.runSuites(TestNG.java:1049)
at org.testng.TestNG.run(TestNG.java:1017)
at org.testng.TestNG.privateMain(TestNG.java:1354)
at org.testng.TestNG.main(TestNG.java:1323)
]]>
            </full-stacktrace>
          </exception> <!-- java.lang.NullPointerException -->
          <reporter-output>
          </reporter-output>
        </test-method> <!-- testTestBuild -->
        <test-method signature="testTestBuild(hust.cs.javacourse.search.index.AbstractDocument, hust.cs.javacourse.search.index.AbstractDocument)[pri:0, instance:hust.cs.javacourse.search.index.DocumentBuilderTest@2a70a3d8]" started-at="2020-05-11T13:19:09Z" name="testTestBuild" data-provider="testDocumentBuilder" finished-at="2020-05-11T13:19:09Z" duration-ms="0" status="FAIL">
          <params>
            <param index="0">
              <value is-null="true"/>
            </param>
            <param index="1">
              <value is-null="true"/>
            </param>
          </params>
          <exception class="java.lang.NullPointerException">
            <full-stacktrace>
              <![CDATA[java.lang.NullPointerException
at util.CustomComparator.isEqual(CustomComparator.java:27)
at hust.cs.javacourse.search.index.DocumentBuilderTest.testTestBuild(DocumentBuilderTest.java:18)
at java.base/jdk.internal.reflect.NativeMethodAccessorImpl.invoke0(Native Method)
at java.base/jdk.internal.reflect.NativeMethodAccessorImpl.invoke(NativeMethodAccessorImpl.java:62)
at java.base/jdk.internal.reflect.DelegatingMethodAccessorImpl.invoke(DelegatingMethodAccessorImpl.java:43)
at java.base/java.lang.reflect.Method.invoke(Method.java:567)
at org.testng.internal.MethodInvocationHelper.invokeMethod(MethodInvocationHelper.java:124)
at org.testng.internal.Invoker.invokeMethod(Invoker.java:583)
at org.testng.internal.Invoker.invokeTestMethod(Invoker.java:719)
at org.testng.internal.Invoker.invokeTestMethods(Invoker.java:989)
at org.testng.internal.TestMethodWorker.invokeTestMethods(TestMethodWorker.java:125)
at org.testng.internal.TestMethodWorker.run(TestMethodWorker.java:109)
at org.testng.TestRunner.privateRun(TestRunner.java:648)
at org.testng.TestRunner.run(TestRunner.java:505)
at org.testng.SuiteRunner.runTest(SuiteRunner.java:455)
at org.testng.SuiteRunner.runSequentially(SuiteRunner.java:450)
at org.testng.SuiteRunner.privateRun(SuiteRunner.java:415)
at org.testng.SuiteRunner.run(SuiteRunner.java:364)
at org.testng.SuiteRunnerWorker.runSuite(SuiteRunnerWorker.java:52)
at org.testng.SuiteRunnerWorker.run(SuiteRunnerWorker.java:84)
at org.testng.TestNG.runSuitesSequentially(TestNG.java:1208)
at org.testng.TestNG.runSuitesLocally(TestNG.java:1137)
at org.testng.TestNG.runSuites(TestNG.java:1049)
at org.testng.TestNG.run(TestNG.java:1017)
at org.testng.TestNG.privateMain(TestNG.java:1354)
at org.testng.TestNG.main(TestNG.java:1323)
]]>
            </full-stacktrace>
          </exception> <!-- java.lang.NullPointerException -->
          <reporter-output>
          </reporter-output>
        </test-method> <!-- testTestBuild -->
      </class> <!-- hust.cs.javacourse.search.index.DocumentBuilderTest -->
    </test> <!-- D:/IdeaWorkspace/SeachEngine/test/hust/cs/javacourse/search/index/DocumentBuilderTest.java -->
    <test started-at="2020-05-11T13:19:09Z" name="D:/IdeaWorkspace/SeachEngine/test/hust/cs/javacourse/search/index/IndexTest.java" finished-at="2020-05-11T13:19:09Z" duration-ms="57">
      <class name="hust.cs.javacourse.search.index.IndexTest">
        <test-method signature="testTestToString(hust.cs.javacourse.search.index.AbstractIndex, [Ljava.lang.String;)[pri:0, instance:hust.cs.javacourse.search.index.IndexTest@64485a47]" started-at="2020-05-11T13:19:09Z" name="testTestToString" data-provider="testIndex" finished-at="2020-05-11T13:19:09Z" duration-ms="0" status="SKIP">
          <exception class="java.lang.RuntimeException">
            <message>
              <![CDATA[java.lang.NullPointerException]]>
            </message>
            <full-stacktrace>
              <![CDATA[java.lang.RuntimeException: java.lang.NullPointerException
at org.testng.internal.MethodInvocationHelper.invokeMethodNoCheckedException(MethodInvocationHelper.java:49)
at org.testng.internal.MethodInvocationHelper.invokeDataProvider(MethodInvocationHelper.java:131)
at org.testng.internal.Parameters.handleParameters(Parameters.java:706)
at org.testng.internal.ParameterHandler.handleParameters(ParameterHandler.java:49)
at org.testng.internal.ParameterHandler.createParameters(ParameterHandler.java:37)
at org.testng.internal.Invoker.invokeTestMethods(Invoker.java:924)
at org.testng.internal.TestMethodWorker.invokeTestMethods(TestMethodWorker.java:125)
at org.testng.internal.TestMethodWorker.run(TestMethodWorker.java:109)
at org.testng.TestRunner.privateRun(TestRunner.java:648)
at org.testng.TestRunner.run(TestRunner.java:505)
at org.testng.SuiteRunner.runTest(SuiteRunner.java:455)
at org.testng.SuiteRunner.runSequentially(SuiteRunner.java:450)
at org.testng.SuiteRunner.privateRun(SuiteRunner.java:415)
at org.testng.SuiteRunner.run(SuiteRunner.java:364)
at org.testng.SuiteRunnerWorker.runSuite(SuiteRunnerWorker.java:52)
at org.testng.SuiteRunnerWorker.run(SuiteRunnerWorker.java:84)
at org.testng.TestNG.runSuitesSequentially(TestNG.java:1208)
at org.testng.TestNG.runSuitesLocally(TestNG.java:1137)
at org.testng.TestNG.runSuites(TestNG.java:1049)
at org.testng.TestNG.run(TestNG.java:1017)
at org.testng.TestNG.privateMain(TestNG.java:1354)
at org.testng.TestNG.main(TestNG.java:1323)
Caused by: java.lang.NullPointerException
at hust.cs.javacourse.search.index.IndexTestCase.buildToStringTestCase(IndexTestCase.java:59)
at hust.cs.javacourse.search.index.IndexTestDataProvider.testIndex(IndexTestDataProvider.java:14)
at java.base/jdk.internal.reflect.NativeMethodAccessorImpl.invoke0(Native Method)
at java.base/jdk.internal.reflect.NativeMethodAccessorImpl.invoke(NativeMethodAccessorImpl.java:62)
at java.base/jdk.internal.reflect.DelegatingMethodAccessorImpl.invoke(DelegatingMethodAccessorImpl.java:43)
at java.base/java.lang.reflect.Method.invoke(Method.java:567)
at org.testng.internal.MethodInvocationHelper.invokeMethod(MethodInvocationHelper.java:124)
at org.testng.internal.MethodInvocationHelper.invokeMethod(MethodInvocationHelper.java:74)
at org.testng.internal.MethodInvocationHelper.invokeMethodNoCheckedException(MethodInvocationHelper.java:45)
... 21 more
]]>
            </full-stacktrace>
          </exception> <!-- java.lang.RuntimeException -->
          <reporter-output>
          </reporter-output>
        </test-method> <!-- testTestToString -->
        <test-method signature="testAddDocument([Lhust.cs.javacourse.search.index.AbstractIndex;, hust.cs.javacourse.search.index.AbstractDocument)[pri:0, instance:hust.cs.javacourse.search.index.IndexTest@64485a47]" started-at="2020-05-11T13:19:09Z" name="testAddDocument" data-provider="testIndex" finished-at="2020-05-11T13:19:09Z" duration-ms="0" status="SKIP">
          <exception class="java.lang.RuntimeException">
            <message>
              <![CDATA[java.lang.NullPointerException]]>
            </message>
            <full-stacktrace>
              <![CDATA[java.lang.RuntimeException: java.lang.NullPointerException
at org.testng.internal.MethodInvocationHelper.invokeMethodNoCheckedException(MethodInvocationHelper.java:49)
at org.testng.internal.MethodInvocationHelper.invokeDataProvider(MethodInvocationHelper.java:131)
at org.testng.internal.Parameters.handleParameters(Parameters.java:706)
at org.testng.internal.ParameterHandler.handleParameters(ParameterHandler.java:49)
at org.testng.internal.ParameterHandler.createParameters(ParameterHandler.java:37)
at org.testng.internal.Invoker.invokeTestMethods(Invoker.java:924)
at org.testng.internal.TestMethodWorker.invokeTestMethods(TestMethodWorker.java:125)
at org.testng.internal.TestMethodWorker.run(TestMethodWorker.java:109)
at org.testng.TestRunner.privateRun(TestRunner.java:648)
at org.testng.TestRunner.run(TestRunner.java:505)
at org.testng.SuiteRunner.runTest(SuiteRunner.java:455)
at org.testng.SuiteRunner.runSequentially(SuiteRunner.java:450)
at org.testng.SuiteRunner.privateRun(SuiteRunner.java:415)
at org.testng.SuiteRunner.run(SuiteRunner.java:364)
at org.testng.SuiteRunnerWorker.runSuite(SuiteRunnerWorker.java:52)
at org.testng.SuiteRunnerWorker.run(SuiteRunnerWorker.java:84)
at org.testng.TestNG.runSuitesSequentially(TestNG.java:1208)
at org.testng.TestNG.runSuitesLocally(TestNG.java:1137)
at org.testng.TestNG.runSuites(TestNG.java:1049)
at org.testng.TestNG.run(TestNG.java:1017)
at org.testng.TestNG.privateMain(TestNG.java:1354)
at org.testng.TestNG.main(TestNG.java:1323)
Caused by: java.lang.NullPointerException
at hust.cs.javacourse.search.index.IndexTestCase.buildAddDocumentTestCase(IndexTestCase.java:99)
at hust.cs.javacourse.search.index.IndexTestDataProvider.testIndex(IndexTestDataProvider.java:17)
at java.base/jdk.internal.reflect.NativeMethodAccessorImpl.invoke0(Native Method)
at java.base/jdk.internal.reflect.NativeMethodAccessorImpl.invoke(NativeMethodAccessorImpl.java:62)
at java.base/jdk.internal.reflect.DelegatingMethodAccessorImpl.invoke(DelegatingMethodAccessorImpl.java:43)
at java.base/java.lang.reflect.Method.invoke(Method.java:567)
at org.testng.internal.MethodInvocationHelper.invokeMethod(MethodInvocationHelper.java:124)
at org.testng.internal.MethodInvocationHelper.invokeMethod(MethodInvocationHelper.java:74)
at org.testng.internal.MethodInvocationHelper.invokeMethodNoCheckedException(MethodInvocationHelper.java:45)
... 21 more
]]>
            </full-stacktrace>
          </exception> <!-- java.lang.RuntimeException -->
          <reporter-output>
          </reporter-output>
        </test-method> <!-- testAddDocument -->
        <test-method signature="testLoad(hust.cs.javacourse.search.index.AbstractIndex, java.lang.String)[pri:0, instance:hust.cs.javacourse.search.index.IndexTest@64485a47]" started-at="2020-05-11T13:19:09Z" name="testLoad" data-provider="testIndex" finished-at="2020-05-11T13:19:09Z" duration-ms="0" status="FAIL">
          <params>
            <param index="0">
              <value is-null="true"/>
            </param>
            <param index="1">
              <value>
                <![CDATA[/home/pkj/Learn_Java/HUST/%e5%ae%9e%e9%aa%8c/Java%e6%96%b0%e5%ae%9e%e9%aa%8c%e4%b8%80/Experiment1Tes4_4Linux/test/config/..//index/index_1_2_3_txt.dat]]>
              </value>
            </param>
          </params>
          <exception class="java.lang.NullPointerException">
            <full-stacktrace>
              <![CDATA[java.lang.NullPointerException
at hust.cs.javacourse.search.index.IndexTest.testLoad(IndexTest.java:39)
at java.base/jdk.internal.reflect.NativeMethodAccessorImpl.invoke0(Native Method)
at java.base/jdk.internal.reflect.NativeMethodAccessorImpl.invoke(NativeMethodAccessorImpl.java:62)
at java.base/jdk.internal.reflect.DelegatingMethodAccessorImpl.invoke(DelegatingMethodAccessorImpl.java:43)
at java.base/java.lang.reflect.Method.invoke(Method.java:567)
at org.testng.internal.MethodInvocationHelper.invokeMethod(MethodInvocationHelper.java:124)
at org.testng.internal.Invoker.invokeMethod(Invoker.java:583)
at org.testng.internal.Invoker.invokeTestMethod(Invoker.java:719)
at org.testng.internal.Invoker.invokeTestMethods(Invoker.java:989)
at org.testng.internal.TestMethodWorker.invokeTestMethods(TestMethodWorker.java:125)
at org.testng.internal.TestMethodWorker.run(TestMethodWorker.java:109)
at org.testng.TestRunner.privateRun(TestRunner.java:648)
at org.testng.TestRunner.run(TestRunner.java:505)
at org.testng.SuiteRunner.runTest(SuiteRunner.java:455)
at org.testng.SuiteRunner.runSequentially(SuiteRunner.java:450)
at org.testng.SuiteRunner.privateRun(SuiteRunner.java:415)
at org.testng.SuiteRunner.run(SuiteRunner.java:364)
at org.testng.SuiteRunnerWorker.runSuite(SuiteRunnerWorker.java:52)
at org.testng.SuiteRunnerWorker.run(SuiteRunnerWorker.java:84)
at org.testng.TestNG.runSuitesSequentially(TestNG.java:1208)
at org.testng.TestNG.runSuitesLocally(TestNG.java:1137)
at org.testng.TestNG.runSuites(TestNG.java:1049)
at org.testng.TestNG.run(TestNG.java:1017)
at org.testng.TestNG.privateMain(TestNG.java:1354)
at org.testng.TestNG.main(TestNG.java:1323)
]]>
            </full-stacktrace>
          </exception> <!-- java.lang.NullPointerException -->
          <reporter-output>
          </reporter-output>
        </test-method> <!-- testLoad -->
        <test-method signature="testSave(hust.cs.javacourse.search.index.AbstractIndex, java.lang.String)[pri:0, instance:hust.cs.javacourse.search.index.IndexTest@64485a47]" started-at="2020-05-11T13:19:09Z" name="testSave" data-provider="testIndex" finished-at="2020-05-11T13:19:09Z" duration-ms="1" status="FAIL">
          <params>
            <param index="0">
              <value is-null="true"/>
            </param>
            <param index="1">
              <value>
                <![CDATA[/home/pkj/Learn_Java/HUST/%e5%ae%9e%e9%aa%8c/Java%e6%96%b0%e5%ae%9e%e9%aa%8c%e4%b8%80/Experiment1Tes4_4Linux/test/config/..//index/index_1_2_3_txt.dat]]>
              </value>
            </param>
          </params>
          <exception class="java.lang.NullPointerException">
            <full-stacktrace>
              <![CDATA[java.lang.NullPointerException
at hust.cs.javacourse.search.index.IndexTest.testSave(IndexTest.java:48)
at java.base/jdk.internal.reflect.NativeMethodAccessorImpl.invoke0(Native Method)
at java.base/jdk.internal.reflect.NativeMethodAccessorImpl.invoke(NativeMethodAccessorImpl.java:62)
at java.base/jdk.internal.reflect.DelegatingMethodAccessorImpl.invoke(DelegatingMethodAccessorImpl.java:43)
at java.base/java.lang.reflect.Method.invoke(Method.java:567)
at org.testng.internal.MethodInvocationHelper.invokeMethod(MethodInvocationHelper.java:124)
at org.testng.internal.Invoker.invokeMethod(Invoker.java:583)
at org.testng.internal.Invoker.invokeTestMethod(Invoker.java:719)
at org.testng.internal.Invoker.invokeTestMethods(Invoker.java:989)
at org.testng.internal.TestMethodWorker.invokeTestMethods(TestMethodWorker.java:125)
at org.testng.internal.TestMethodWorker.run(TestMethodWorker.java:109)
at org.testng.TestRunner.privateRun(TestRunner.java:648)
at org.testng.TestRunner.run(TestRunner.java:505)
at org.testng.SuiteRunner.runTest(SuiteRunner.java:455)
at org.testng.SuiteRunner.runSequentially(SuiteRunner.java:450)
at org.testng.SuiteRunner.privateRun(SuiteRunner.java:415)
at org.testng.SuiteRunner.run(SuiteRunner.java:364)
at org.testng.SuiteRunnerWorker.runSuite(SuiteRunnerWorker.java:52)
at org.testng.SuiteRunnerWorker.run(SuiteRunnerWorker.java:84)
at org.testng.TestNG.runSuitesSequentially(TestNG.java:1208)
at org.testng.TestNG.runSuitesLocally(TestNG.java:1137)
at org.testng.TestNG.runSuites(TestNG.java:1049)
at org.testng.TestNG.run(TestNG.java:1017)
at org.testng.TestNG.privateMain(TestNG.java:1354)
at org.testng.TestNG.main(TestNG.java:1323)
]]>
            </full-stacktrace>
          </exception> <!-- java.lang.NullPointerException -->
          <reporter-output>
          </reporter-output>
        </test-method> <!-- testSave -->
        <test-method signature="testSearch(hust.cs.javacourse.search.index.AbstractIndex, hust.cs.javacourse.search.index.AbstractPostingList)[pri:0, instance:hust.cs.javacourse.search.index.IndexTest@64485a47]" started-at="2020-05-11T13:19:09Z" name="testSearch" data-provider="testIndex" finished-at="2020-05-11T13:19:09Z" duration-ms="0" status="FAIL">
          <params>
            <param index="0">
              <value is-null="true"/>
            </param>
            <param index="1">
              <value is-null="true"/>
            </param>
          </params>
          <exception class="java.lang.NullPointerException">
            <full-stacktrace>
              <![CDATA[java.lang.NullPointerException
at hust.cs.javacourse.search.index.IndexTest.testSearch(IndexTest.java:57)
at java.base/jdk.internal.reflect.NativeMethodAccessorImpl.invoke0(Native Method)
at java.base/jdk.internal.reflect.NativeMethodAccessorImpl.invoke(NativeMethodAccessorImpl.java:62)
at java.base/jdk.internal.reflect.DelegatingMethodAccessorImpl.invoke(DelegatingMethodAccessorImpl.java:43)
at java.base/java.lang.reflect.Method.invoke(Method.java:567)
at org.testng.internal.MethodInvocationHelper.invokeMethod(MethodInvocationHelper.java:124)
at org.testng.internal.Invoker.invokeMethod(Invoker.java:583)
at org.testng.internal.Invoker.invokeTestMethod(Invoker.java:719)
at org.testng.internal.Invoker.invokeTestMethods(Invoker.java:989)
at org.testng.internal.TestMethodWorker.invokeTestMethods(TestMethodWorker.java:125)
at org.testng.internal.TestMethodWorker.run(TestMethodWorker.java:109)
at org.testng.TestRunner.privateRun(TestRunner.java:648)
at org.testng.TestRunner.run(TestRunner.java:505)
at org.testng.SuiteRunner.runTest(SuiteRunner.java:455)
at org.testng.SuiteRunner.runSequentially(SuiteRunner.java:450)
at org.testng.SuiteRunner.privateRun(SuiteRunner.java:415)
at org.testng.SuiteRunner.run(SuiteRunner.java:364)
at org.testng.SuiteRunnerWorker.runSuite(SuiteRunnerWorker.java:52)
at org.testng.SuiteRunnerWorker.run(SuiteRunnerWorker.java:84)
at org.testng.TestNG.runSuitesSequentially(TestNG.java:1208)
at org.testng.TestNG.runSuitesLocally(TestNG.java:1137)
at org.testng.TestNG.runSuites(TestNG.java:1049)
at org.testng.TestNG.run(TestNG.java:1017)
at org.testng.TestNG.privateMain(TestNG.java:1354)
at org.testng.TestNG.main(TestNG.java:1323)
]]>
            </full-stacktrace>
          </exception> <!-- java.lang.NullPointerException -->
          <reporter-output>
          </reporter-output>
        </test-method> <!-- testSearch -->
        <test-method signature="testGetDictionary(hust.cs.javacourse.search.index.AbstractIndex, java.util.Set)[pri:0, instance:hust.cs.javacourse.search.index.IndexTest@64485a47]" started-at="2020-05-11T13:19:09Z" name="testGetDictionary" data-provider="testIndex" finished-at="2020-05-11T13:19:09Z" duration-ms="0" status="SKIP">
          <exception class="java.lang.RuntimeException">
            <message>
              <![CDATA[java.lang.NullPointerException]]>
            </message>
            <full-stacktrace>
              <![CDATA[java.lang.RuntimeException: java.lang.NullPointerException
at org.testng.internal.MethodInvocationHelper.invokeMethodNoCheckedException(MethodInvocationHelper.java:49)
at org.testng.internal.MethodInvocationHelper.invokeDataProvider(MethodInvocationHelper.java:131)
at org.testng.internal.Parameters.handleParameters(Parameters.java:706)
at org.testng.internal.ParameterHandler.handleParameters(ParameterHandler.java:49)
at org.testng.internal.ParameterHandler.createParameters(ParameterHandler.java:37)
at org.testng.internal.Invoker.invokeTestMethods(Invoker.java:924)
at org.testng.internal.TestMethodWorker.invokeTestMethods(TestMethodWorker.java:125)
at org.testng.internal.TestMethodWorker.run(TestMethodWorker.java:109)
at org.testng.TestRunner.privateRun(TestRunner.java:648)
at org.testng.TestRunner.run(TestRunner.java:505)
at org.testng.SuiteRunner.runTest(SuiteRunner.java:455)
at org.testng.SuiteRunner.runSequentially(SuiteRunner.java:450)
at org.testng.SuiteRunner.privateRun(SuiteRunner.java:415)
at org.testng.SuiteRunner.run(SuiteRunner.java:364)
at org.testng.SuiteRunnerWorker.runSuite(SuiteRunnerWorker.java:52)
at org.testng.SuiteRunnerWorker.run(SuiteRunnerWorker.java:84)
at org.testng.TestNG.runSuitesSequentially(TestNG.java:1208)
at org.testng.TestNG.runSuitesLocally(TestNG.java:1137)
at org.testng.TestNG.runSuites(TestNG.java:1049)
at org.testng.TestNG.run(TestNG.java:1017)
at org.testng.TestNG.privateMain(TestNG.java:1354)
at org.testng.TestNG.main(TestNG.java:1323)
Caused by: java.lang.NullPointerException
at hust.cs.javacourse.search.index.IndexTestCase.buildGetDictionaryTestCase(IndexTestCase.java:75)
at hust.cs.javacourse.search.index.IndexTestDataProvider.testIndex(IndexTestDataProvider.java:29)
at java.base/jdk.internal.reflect.NativeMethodAccessorImpl.invoke0(Native Method)
at java.base/jdk.internal.reflect.NativeMethodAccessorImpl.invoke(NativeMethodAccessorImpl.java:62)
at java.base/jdk.internal.reflect.DelegatingMethodAccessorImpl.invoke(DelegatingMethodAccessorImpl.java:43)
at java.base/java.lang.reflect.Method.invoke(Method.java:567)
at org.testng.internal.MethodInvocationHelper.invokeMethod(MethodInvocationHelper.java:124)
at org.testng.internal.MethodInvocationHelper.invokeMethod(MethodInvocationHelper.java:74)
at org.testng.internal.MethodInvocationHelper.invokeMethodNoCheckedException(MethodInvocationHelper.java:45)
... 21 more
]]>
            </full-stacktrace>
          </exception> <!-- java.lang.RuntimeException -->
          <reporter-output>
          </reporter-output>
        </test-method> <!-- testGetDictionary -->
        <test-method signature="testWriteObject(hust.cs.javacourse.search.index.AbstractIndex, java.lang.String)[pri:0, instance:hust.cs.javacourse.search.index.IndexTest@64485a47]" started-at="2020-05-11T13:19:09Z" name="testWriteObject" data-provider="testIndex" finished-at="2020-05-11T13:19:09Z" duration-ms="2" status="PASS">
          <params>
            <param index="0">
              <value is-null="true"/>
            </param>
            <param index="1">
              <value>
                <![CDATA[/home/pkj/Learn_Java/HUST/%e5%ae%9e%e9%aa%8c/Java%e6%96%b0%e5%ae%9e%e9%aa%8c%e4%b8%80/Experiment1Tes4_4Linux/test/config/..//index/index_1_2_3_txt.dat]]>
              </value>
            </param>
          </params>
          <reporter-output>
          </reporter-output>
        </test-method> <!-- testWriteObject -->
        <test-method signature="testReadObject(hust.cs.javacourse.search.index.AbstractIndex, java.lang.String)[pri:0, instance:hust.cs.javacourse.search.index.IndexTest@64485a47]" started-at="2020-05-11T13:19:09Z" name="testReadObject" data-provider="testIndex" finished-at="2020-05-11T13:19:09Z" duration-ms="3" status="PASS">
          <params>
            <param index="0">
              <value is-null="true"/>
            </param>
            <param index="1">
              <value>
                <![CDATA[/home/pkj/Learn_Java/HUST/%e5%ae%9e%e9%aa%8c/Java%e6%96%b0%e5%ae%9e%e9%aa%8c%e4%b8%80/Experiment1Tes4_4Linux/test/config/..//index/index_1_2_3_txt.dat]]>
              </value>
            </param>
          </params>
          <reporter-output>
          </reporter-output>
        </test-method> <!-- testReadObject -->
        <test-method signature="testOptimize(hust.cs.javacourse.search.index.AbstractIndex, hust.cs.javacourse.search.index.AbstractIndex)[pri:0, instance:hust.cs.javacourse.search.index.IndexTest@64485a47]" started-at="2020-05-11T13:19:09Z" name="testOptimize" data-provider="testIndex" finished-at="2020-05-11T13:19:09Z" duration-ms="0" status="FAIL">
          <params>
            <param index="0">
              <value is-null="true"/>
            </param>
            <param index="1">
              <value is-null="true"/>
            </param>
          </params>
          <exception class="java.lang.NullPointerException">
            <full-stacktrace>
              <![CDATA[java.lang.NullPointerException
at hust.cs.javacourse.search.index.IndexTest.testOptimize(IndexTest.java:99)
at java.base/jdk.internal.reflect.NativeMethodAccessorImpl.invoke0(Native Method)
at java.base/jdk.internal.reflect.NativeMethodAccessorImpl.invoke(NativeMethodAccessorImpl.java:62)
at java.base/jdk.internal.reflect.DelegatingMethodAccessorImpl.invoke(DelegatingMethodAccessorImpl.java:43)
at java.base/java.lang.reflect.Method.invoke(Method.java:567)
at org.testng.internal.MethodInvocationHelper.invokeMethod(MethodInvocationHelper.java:124)
at org.testng.internal.Invoker.invokeMethod(Invoker.java:583)
at org.testng.internal.Invoker.invokeTestMethod(Invoker.java:719)
at org.testng.internal.Invoker.invokeTestMethods(Invoker.java:989)
at org.testng.internal.TestMethodWorker.invokeTestMethods(TestMethodWorker.java:125)
at org.testng.internal.TestMethodWorker.run(TestMethodWorker.java:109)
at org.testng.TestRunner.privateRun(TestRunner.java:648)
at org.testng.TestRunner.run(TestRunner.java:505)
at org.testng.SuiteRunner.runTest(SuiteRunner.java:455)
at org.testng.SuiteRunner.runSequentially(SuiteRunner.java:450)
at org.testng.SuiteRunner.privateRun(SuiteRunner.java:415)
at org.testng.SuiteRunner.run(SuiteRunner.java:364)
at org.testng.SuiteRunnerWorker.runSuite(SuiteRunnerWorker.java:52)
at org.testng.SuiteRunnerWorker.run(SuiteRunnerWorker.java:84)
at org.testng.TestNG.runSuitesSequentially(TestNG.java:1208)
at org.testng.TestNG.runSuitesLocally(TestNG.java:1137)
at org.testng.TestNG.runSuites(TestNG.java:1049)
at org.testng.TestNG.run(TestNG.java:1017)
at org.testng.TestNG.privateMain(TestNG.java:1354)
at org.testng.TestNG.main(TestNG.java:1323)
]]>
            </full-stacktrace>
          </exception> <!-- java.lang.NullPointerException -->
          <reporter-output>
          </reporter-output>
        </test-method> <!-- testOptimize -->
        <test-method signature="testGetDocName(hust.cs.javacourse.search.index.AbstractIndex, [Ljava.lang.String;)[pri:0, instance:hust.cs.javacourse.search.index.IndexTest@64485a47]" started-at="2020-05-11T13:19:09Z" name="testGetDocName" data-provider="testIndex" finished-at="2020-05-11T13:19:09Z" duration-ms="1" status="FAIL">
          <params>
            <param index="0">
              <value is-null="true"/>
            </param>
            <param index="1">
              <value>
                <![CDATA[[Ljava.lang.String;@6c1a5b54]]>
              </value>
            </param>
          </params>
          <exception class="java.lang.NullPointerException">
            <full-stacktrace>
              <![CDATA[java.lang.NullPointerException
at hust.cs.javacourse.search.index.IndexTest.testGetDocName(IndexTest.java:105)
at java.base/jdk.internal.reflect.NativeMethodAccessorImpl.invoke0(Native Method)
at java.base/jdk.internal.reflect.NativeMethodAccessorImpl.invoke(NativeMethodAccessorImpl.java:62)
at java.base/jdk.internal.reflect.DelegatingMethodAccessorImpl.invoke(DelegatingMethodAccessorImpl.java:43)
at java.base/java.lang.reflect.Method.invoke(Method.java:567)
at org.testng.internal.MethodInvocationHelper.invokeMethod(MethodInvocationHelper.java:124)
at org.testng.internal.Invoker.invokeMethod(Invoker.java:583)
at org.testng.internal.Invoker.invokeTestMethod(Invoker.java:719)
at org.testng.internal.Invoker.invokeTestMethods(Invoker.java:989)
at org.testng.internal.TestMethodWorker.invokeTestMethods(TestMethodWorker.java:125)
at org.testng.internal.TestMethodWorker.run(TestMethodWorker.java:109)
at org.testng.TestRunner.privateRun(TestRunner.java:648)
at org.testng.TestRunner.run(TestRunner.java:505)
at org.testng.SuiteRunner.runTest(SuiteRunner.java:455)
at org.testng.SuiteRunner.runSequentially(SuiteRunner.java:450)
at org.testng.SuiteRunner.privateRun(SuiteRunner.java:415)
at org.testng.SuiteRunner.run(SuiteRunner.java:364)
at org.testng.SuiteRunnerWorker.runSuite(SuiteRunnerWorker.java:52)
at org.testng.SuiteRunnerWorker.run(SuiteRunnerWorker.java:84)
at org.testng.TestNG.runSuitesSequentially(TestNG.java:1208)
at org.testng.TestNG.runSuitesLocally(TestNG.java:1137)
at org.testng.TestNG.runSuites(TestNG.java:1049)
at org.testng.TestNG.run(TestNG.java:1017)
at org.testng.TestNG.privateMain(TestNG.java:1354)
at org.testng.TestNG.main(TestNG.java:1323)
]]>
            </full-stacktrace>
          </exception> <!-- java.lang.NullPointerException -->
          <reporter-output>
          </reporter-output>
        </test-method> <!-- testGetDocName -->
      </class> <!-- hust.cs.javacourse.search.index.IndexTest -->
    </test> <!-- D:/IdeaWorkspace/SeachEngine/test/hust/cs/javacourse/search/index/IndexTest.java -->
    <test started-at="2020-05-11T13:19:10Z" name="D:/IdeaWorkspace/SeachEngine/test/hust/cs/javacourse/search/index/IndexBuilderTest.java" finished-at="2020-05-11T13:19:10Z" duration-ms="7">
      <class name="hust.cs.javacourse.search.index.IndexBuilderTest">
        <test-method signature="testBuildIndex(hust.cs.javacourse.search.index.AbstractIndex, hust.cs.javacourse.search.index.AbstractIndex)[pri:0, instance:hust.cs.javacourse.search.index.IndexBuilderTest@10dba097]" started-at="2020-05-11T13:19:10Z" name="testBuildIndex" data-provider="testIndexBuilder" finished-at="2020-05-11T13:19:10Z" duration-ms="0" status="FAIL">
          <params>
            <param index="0">
              <value>
                <![CDATA[docId  to docPath :
Term to PostingList :
]]>
              </value>
            </param>
            <param index="1">
              <value is-null="true"/>
            </param>
          </params>
          <exception class="java.lang.NullPointerException">
            <full-stacktrace>
              <![CDATA[java.lang.NullPointerException
at util.CustomComparator.isEqual(CustomComparator.java:44)
at hust.cs.javacourse.search.index.IndexBuilderTest.testBuildIndex(IndexBuilderTest.java:13)
at java.base/jdk.internal.reflect.NativeMethodAccessorImpl.invoke0(Native Method)
at java.base/jdk.internal.reflect.NativeMethodAccessorImpl.invoke(NativeMethodAccessorImpl.java:62)
at java.base/jdk.internal.reflect.DelegatingMethodAccessorImpl.invoke(DelegatingMethodAccessorImpl.java:43)
at java.base/java.lang.reflect.Method.invoke(Method.java:567)
at org.testng.internal.MethodInvocationHelper.invokeMethod(MethodInvocationHelper.java:124)
at org.testng.internal.Invoker.invokeMethod(Invoker.java:583)
at org.testng.internal.Invoker.invokeTestMethod(Invoker.java:719)
at org.testng.internal.Invoker.invokeTestMethods(Invoker.java:989)
at org.testng.internal.TestMethodWorker.invokeTestMethods(TestMethodWorker.java:125)
at org.testng.internal.TestMethodWorker.run(TestMethodWorker.java:109)
at org.testng.TestRunner.privateRun(TestRunner.java:648)
at org.testng.TestRunner.run(TestRunner.java:505)
at org.testng.SuiteRunner.runTest(SuiteRunner.java:455)
at org.testng.SuiteRunner.runSequentially(SuiteRunner.java:450)
at org.testng.SuiteRunner.privateRun(SuiteRunner.java:415)
at org.testng.SuiteRunner.run(SuiteRunner.java:364)
at org.testng.SuiteRunnerWorker.runSuite(SuiteRunnerWorker.java:52)
at org.testng.SuiteRunnerWorker.run(SuiteRunnerWorker.java:84)
at org.testng.TestNG.runSuitesSequentially(TestNG.java:1208)
at org.testng.TestNG.runSuitesLocally(TestNG.java:1137)
at org.testng.TestNG.runSuites(TestNG.java:1049)
at org.testng.TestNG.run(TestNG.java:1017)
at org.testng.TestNG.privateMain(TestNG.java:1354)
at org.testng.TestNG.main(TestNG.java:1323)
]]>
            </full-stacktrace>
          </exception> <!-- java.lang.NullPointerException -->
          <reporter-output>
          </reporter-output>
        </test-method> <!-- testBuildIndex -->
      </class> <!-- hust.cs.javacourse.search.index.IndexBuilderTest -->
    </test> <!-- D:/IdeaWorkspace/SeachEngine/test/hust/cs/javacourse/search/index/IndexBuilderTest.java -->
    <test started-at="2020-05-11T13:19:10Z" name="D:/IdeaWorkspace/SeachEngine/test/hust/cs/javacourse/search/query/HitTest.java" finished-at="2020-05-11T13:19:10Z" duration-ms="20">
      <class name="hust.cs.javacourse.search.query.HitTest">
        <test-method signature="testGetDocId(hust.cs.javacourse.search.query.AbstractHit, int)[pri:0, instance:hust.cs.javacourse.search.query.HitTest@4d1b0d2a]" started-at="2020-05-11T13:19:10Z" name="testGetDocId" data-provider="testHit" finished-at="2020-05-11T13:19:10Z" duration-ms="0" status="SKIP">
          <exception class="java.lang.RuntimeException">
            <message>
              <![CDATA[java.lang.NullPointerException]]>
            </message>
            <full-stacktrace>
              <![CDATA[java.lang.RuntimeException: java.lang.NullPointerException
at org.testng.internal.MethodInvocationHelper.invokeMethodNoCheckedException(MethodInvocationHelper.java:49)
at org.testng.internal.MethodInvocationHelper.invokeDataProvider(MethodInvocationHelper.java:131)
at org.testng.internal.Parameters.handleParameters(Parameters.java:706)
at org.testng.internal.ParameterHandler.handleParameters(ParameterHandler.java:49)
at org.testng.internal.ParameterHandler.createParameters(ParameterHandler.java:37)
at org.testng.internal.Invoker.invokeTestMethods(Invoker.java:924)
at org.testng.internal.TestMethodWorker.invokeTestMethods(TestMethodWorker.java:125)
at org.testng.internal.TestMethodWorker.run(TestMethodWorker.java:109)
at org.testng.TestRunner.privateRun(TestRunner.java:648)
at org.testng.TestRunner.run(TestRunner.java:505)
at org.testng.SuiteRunner.runTest(SuiteRunner.java:455)
at org.testng.SuiteRunner.runSequentially(SuiteRunner.java:450)
at org.testng.SuiteRunner.privateRun(SuiteRunner.java:415)
at org.testng.SuiteRunner.run(SuiteRunner.java:364)
at org.testng.SuiteRunnerWorker.runSuite(SuiteRunnerWorker.java:52)
at org.testng.SuiteRunnerWorker.run(SuiteRunnerWorker.java:84)
at org.testng.TestNG.runSuitesSequentially(TestNG.java:1208)
at org.testng.TestNG.runSuitesLocally(TestNG.java:1137)
at org.testng.TestNG.runSuites(TestNG.java:1049)
at org.testng.TestNG.run(TestNG.java:1017)
at org.testng.TestNG.privateMain(TestNG.java:1354)
at org.testng.TestNG.main(TestNG.java:1323)
Caused by: java.lang.NullPointerException
at hust.cs.javacourse.search.query.HitTestCase.buildGetDocIdTestCase(HitTestCase.java:21)
at hust.cs.javacourse.search.query.HitTestDataProvider.testHit(HitTestDataProvider.java:14)
at java.base/jdk.internal.reflect.NativeMethodAccessorImpl.invoke0(Native Method)
at java.base/jdk.internal.reflect.NativeMethodAccessorImpl.invoke(NativeMethodAccessorImpl.java:62)
at java.base/jdk.internal.reflect.DelegatingMethodAccessorImpl.invoke(DelegatingMethodAccessorImpl.java:43)
at java.base/java.lang.reflect.Method.invoke(Method.java:567)
at org.testng.internal.MethodInvocationHelper.invokeMethod(MethodInvocationHelper.java:124)
at org.testng.internal.MethodInvocationHelper.invokeMethod(MethodInvocationHelper.java:74)
at org.testng.internal.MethodInvocationHelper.invokeMethodNoCheckedException(MethodInvocationHelper.java:45)
... 21 more
]]>
            </full-stacktrace>
          </exception> <!-- java.lang.RuntimeException -->
          <reporter-output>
          </reporter-output>
        </test-method> <!-- testGetDocId -->
        <test-method signature="testGetDocPath(hust.cs.javacourse.search.query.AbstractHit, java.lang.String)[pri:0, instance:hust.cs.javacourse.search.query.HitTest@4d1b0d2a]" started-at="2020-05-11T13:19:10Z" name="testGetDocPath" data-provider="testHit" finished-at="2020-05-11T13:19:10Z" duration-ms="0" status="SKIP">
          <exception class="java.lang.RuntimeException">
            <message>
              <![CDATA[java.lang.NullPointerException]]>
            </message>
            <full-stacktrace>
              <![CDATA[java.lang.RuntimeException: java.lang.NullPointerException
at org.testng.internal.MethodInvocationHelper.invokeMethodNoCheckedException(MethodInvocationHelper.java:49)
at org.testng.internal.MethodInvocationHelper.invokeDataProvider(MethodInvocationHelper.java:131)
at org.testng.internal.Parameters.handleParameters(Parameters.java:706)
at org.testng.internal.ParameterHandler.handleParameters(ParameterHandler.java:49)
at org.testng.internal.ParameterHandler.createParameters(ParameterHandler.java:37)
at org.testng.internal.Invoker.invokeTestMethods(Invoker.java:924)
at org.testng.internal.TestMethodWorker.invokeTestMethods(TestMethodWorker.java:125)
at org.testng.internal.TestMethodWorker.run(TestMethodWorker.java:109)
at org.testng.TestRunner.privateRun(TestRunner.java:648)
at org.testng.TestRunner.run(TestRunner.java:505)
at org.testng.SuiteRunner.runTest(SuiteRunner.java:455)
at org.testng.SuiteRunner.runSequentially(SuiteRunner.java:450)
at org.testng.SuiteRunner.privateRun(SuiteRunner.java:415)
at org.testng.SuiteRunner.run(SuiteRunner.java:364)
at org.testng.SuiteRunnerWorker.runSuite(SuiteRunnerWorker.java:52)
at org.testng.SuiteRunnerWorker.run(SuiteRunnerWorker.java:84)
at org.testng.TestNG.runSuitesSequentially(TestNG.java:1208)
at org.testng.TestNG.runSuitesLocally(TestNG.java:1137)
at org.testng.TestNG.runSuites(TestNG.java:1049)
at org.testng.TestNG.run(TestNG.java:1017)
at org.testng.TestNG.privateMain(TestNG.java:1354)
at org.testng.TestNG.main(TestNG.java:1323)
Caused by: java.lang.NullPointerException
at hust.cs.javacourse.search.query.HitTestCase.buildGetDocPathTestCase(HitTestCase.java:32)
at hust.cs.javacourse.search.query.HitTestDataProvider.testHit(HitTestDataProvider.java:17)
at java.base/jdk.internal.reflect.NativeMethodAccessorImpl.invoke0(Native Method)
at java.base/jdk.internal.reflect.NativeMethodAccessorImpl.invoke(NativeMethodAccessorImpl.java:62)
at java.base/jdk.internal.reflect.DelegatingMethodAccessorImpl.invoke(DelegatingMethodAccessorImpl.java:43)
at java.base/java.lang.reflect.Method.invoke(Method.java:567)
at org.testng.internal.MethodInvocationHelper.invokeMethod(MethodInvocationHelper.java:124)
at org.testng.internal.MethodInvocationHelper.invokeMethod(MethodInvocationHelper.java:74)
at org.testng.internal.MethodInvocationHelper.invokeMethodNoCheckedException(MethodInvocationHelper.java:45)
... 21 more
]]>
            </full-stacktrace>
          </exception> <!-- java.lang.RuntimeException -->
          <reporter-output>
          </reporter-output>
        </test-method> <!-- testGetDocPath -->
        <test-method signature="testGetContent(hust.cs.javacourse.search.query.AbstractHit, java.lang.String)[pri:0, instance:hust.cs.javacourse.search.query.HitTest@4d1b0d2a]" started-at="2020-05-11T13:19:10Z" name="testGetContent" data-provider="testHit" finished-at="2020-05-11T13:19:10Z" duration-ms="0" status="SKIP">
          <exception class="java.lang.RuntimeException">
            <message>
              <![CDATA[java.lang.NullPointerException]]>
            </message>
            <full-stacktrace>
              <![CDATA[java.lang.RuntimeException: java.lang.NullPointerException
at org.testng.internal.MethodInvocationHelper.invokeMethodNoCheckedException(MethodInvocationHelper.java:49)
at org.testng.internal.MethodInvocationHelper.invokeDataProvider(MethodInvocationHelper.java:131)
at org.testng.internal.Parameters.handleParameters(Parameters.java:706)
at org.testng.internal.ParameterHandler.handleParameters(ParameterHandler.java:49)
at org.testng.internal.ParameterHandler.createParameters(ParameterHandler.java:37)
at org.testng.internal.Invoker.invokeTestMethods(Invoker.java:924)
at org.testng.internal.TestMethodWorker.invokeTestMethods(TestMethodWorker.java:125)
at org.testng.internal.TestMethodWorker.run(TestMethodWorker.java:109)
at org.testng.TestRunner.privateRun(TestRunner.java:648)
at org.testng.TestRunner.run(TestRunner.java:505)
at org.testng.SuiteRunner.runTest(SuiteRunner.java:455)
at org.testng.SuiteRunner.runSequentially(SuiteRunner.java:450)
at org.testng.SuiteRunner.privateRun(SuiteRunner.java:415)
at org.testng.SuiteRunner.run(SuiteRunner.java:364)
at org.testng.SuiteRunnerWorker.runSuite(SuiteRunnerWorker.java:52)
at org.testng.SuiteRunnerWorker.run(SuiteRunnerWorker.java:84)
at org.testng.TestNG.runSuitesSequentially(TestNG.java:1208)
at org.testng.TestNG.runSuitesLocally(TestNG.java:1137)
at org.testng.TestNG.runSuites(TestNG.java:1049)
at org.testng.TestNG.run(TestNG.java:1017)
at org.testng.TestNG.privateMain(TestNG.java:1354)
at org.testng.TestNG.main(TestNG.java:1323)
Caused by: java.lang.NullPointerException
at hust.cs.javacourse.search.query.HitTestCase.buildGetContentTestCase(HitTestCase.java:43)
at hust.cs.javacourse.search.query.HitTestDataProvider.testHit(HitTestDataProvider.java:20)
at java.base/jdk.internal.reflect.NativeMethodAccessorImpl.invoke0(Native Method)
at java.base/jdk.internal.reflect.NativeMethodAccessorImpl.invoke(NativeMethodAccessorImpl.java:62)
at java.base/jdk.internal.reflect.DelegatingMethodAccessorImpl.invoke(DelegatingMethodAccessorImpl.java:43)
at java.base/java.lang.reflect.Method.invoke(Method.java:567)
at org.testng.internal.MethodInvocationHelper.invokeMethod(MethodInvocationHelper.java:124)
at org.testng.internal.MethodInvocationHelper.invokeMethod(MethodInvocationHelper.java:74)
at org.testng.internal.MethodInvocationHelper.invokeMethodNoCheckedException(MethodInvocationHelper.java:45)
... 21 more
]]>
            </full-stacktrace>
          </exception> <!-- java.lang.RuntimeException -->
          <reporter-output>
          </reporter-output>
        </test-method> <!-- testGetContent -->
        <test-method signature="testSetContent(hust.cs.javacourse.search.query.AbstractHit, java.lang.String)[pri:0, instance:hust.cs.javacourse.search.query.HitTest@4d1b0d2a]" started-at="2020-05-11T13:19:10Z" name="testSetContent" data-provider="testHit" finished-at="2020-05-11T13:19:10Z" duration-ms="0" status="SKIP">
          <exception class="java.lang.RuntimeException">
            <message>
              <![CDATA[java.lang.NullPointerException]]>
            </message>
            <full-stacktrace>
              <![CDATA[java.lang.RuntimeException: java.lang.NullPointerException
at org.testng.internal.MethodInvocationHelper.invokeMethodNoCheckedException(MethodInvocationHelper.java:49)
at org.testng.internal.MethodInvocationHelper.invokeDataProvider(MethodInvocationHelper.java:131)
at org.testng.internal.Parameters.handleParameters(Parameters.java:706)
at org.testng.internal.ParameterHandler.handleParameters(ParameterHandler.java:49)
at org.testng.internal.ParameterHandler.createParameters(ParameterHandler.java:37)
at org.testng.internal.Invoker.invokeTestMethods(Invoker.java:924)
at org.testng.internal.TestMethodWorker.invokeTestMethods(TestMethodWorker.java:125)
at org.testng.internal.TestMethodWorker.run(TestMethodWorker.java:109)
at org.testng.TestRunner.privateRun(TestRunner.java:648)
at org.testng.TestRunner.run(TestRunner.java:505)
at org.testng.SuiteRunner.runTest(SuiteRunner.java:455)
at org.testng.SuiteRunner.runSequentially(SuiteRunner.java:450)
at org.testng.SuiteRunner.privateRun(SuiteRunner.java:415)
at org.testng.SuiteRunner.run(SuiteRunner.java:364)
at org.testng.SuiteRunnerWorker.runSuite(SuiteRunnerWorker.java:52)
at org.testng.SuiteRunnerWorker.run(SuiteRunnerWorker.java:84)
at org.testng.TestNG.runSuitesSequentially(TestNG.java:1208)
at org.testng.TestNG.runSuitesLocally(TestNG.java:1137)
at org.testng.TestNG.runSuites(TestNG.java:1049)
at org.testng.TestNG.run(TestNG.java:1017)
at org.testng.TestNG.privateMain(TestNG.java:1354)
at org.testng.TestNG.main(TestNG.java:1323)
Caused by: java.lang.NullPointerException
at hust.cs.javacourse.search.query.HitTestCase.buildSetContentTestCase(HitTestCase.java:54)
at hust.cs.javacourse.search.query.HitTestDataProvider.testHit(HitTestDataProvider.java:23)
at java.base/jdk.internal.reflect.NativeMethodAccessorImpl.invoke0(Native Method)
at java.base/jdk.internal.reflect.NativeMethodAccessorImpl.invoke(NativeMethodAccessorImpl.java:62)
at java.base/jdk.internal.reflect.DelegatingMethodAccessorImpl.invoke(DelegatingMethodAccessorImpl.java:43)
at java.base/java.lang.reflect.Method.invoke(Method.java:567)
at org.testng.internal.MethodInvocationHelper.invokeMethod(MethodInvocationHelper.java:124)
at org.testng.internal.MethodInvocationHelper.invokeMethod(MethodInvocationHelper.java:74)
at org.testng.internal.MethodInvocationHelper.invokeMethodNoCheckedException(MethodInvocationHelper.java:45)
... 21 more
]]>
            </full-stacktrace>
          </exception> <!-- java.lang.RuntimeException -->
          <reporter-output>
          </reporter-output>
        </test-method> <!-- testSetContent -->
        <test-method signature="testGetScore(hust.cs.javacourse.search.query.AbstractHit, double)[pri:0, instance:hust.cs.javacourse.search.query.HitTest@4d1b0d2a]" started-at="2020-05-11T13:19:10Z" name="testGetScore" data-provider="testHit" finished-at="2020-05-11T13:19:10Z" duration-ms="0" status="SKIP">
          <exception class="java.lang.RuntimeException">
            <message>
              <![CDATA[java.lang.NullPointerException]]>
            </message>
            <full-stacktrace>
              <![CDATA[java.lang.RuntimeException: java.lang.NullPointerException
at org.testng.internal.MethodInvocationHelper.invokeMethodNoCheckedException(MethodInvocationHelper.java:49)
at org.testng.internal.MethodInvocationHelper.invokeDataProvider(MethodInvocationHelper.java:131)
at org.testng.internal.Parameters.handleParameters(Parameters.java:706)
at org.testng.internal.ParameterHandler.handleParameters(ParameterHandler.java:49)
at org.testng.internal.ParameterHandler.createParameters(ParameterHandler.java:37)
at org.testng.internal.Invoker.invokeTestMethods(Invoker.java:924)
at org.testng.internal.TestMethodWorker.invokeTestMethods(TestMethodWorker.java:125)
at org.testng.internal.TestMethodWorker.run(TestMethodWorker.java:109)
at org.testng.TestRunner.privateRun(TestRunner.java:648)
at org.testng.TestRunner.run(TestRunner.java:505)
at org.testng.SuiteRunner.runTest(SuiteRunner.java:455)
at org.testng.SuiteRunner.runSequentially(SuiteRunner.java:450)
at org.testng.SuiteRunner.privateRun(SuiteRunner.java:415)
at org.testng.SuiteRunner.run(SuiteRunner.java:364)
at org.testng.SuiteRunnerWorker.runSuite(SuiteRunnerWorker.java:52)
at org.testng.SuiteRunnerWorker.run(SuiteRunnerWorker.java:84)
at org.testng.TestNG.runSuitesSequentially(TestNG.java:1208)
at org.testng.TestNG.runSuitesLocally(TestNG.java:1137)
at org.testng.TestNG.runSuites(TestNG.java:1049)
at org.testng.TestNG.run(TestNG.java:1017)
at org.testng.TestNG.privateMain(TestNG.java:1354)
at org.testng.TestNG.main(TestNG.java:1323)
Caused by: java.lang.NullPointerException
at hust.cs.javacourse.search.query.HitTestCase.buildGetScoreTestCase(HitTestCase.java:65)
at hust.cs.javacourse.search.query.HitTestDataProvider.testHit(HitTestDataProvider.java:26)
at java.base/jdk.internal.reflect.NativeMethodAccessorImpl.invoke0(Native Method)
at java.base/jdk.internal.reflect.NativeMethodAccessorImpl.invoke(NativeMethodAccessorImpl.java:62)
at java.base/jdk.internal.reflect.DelegatingMethodAccessorImpl.invoke(DelegatingMethodAccessorImpl.java:43)
at java.base/java.lang.reflect.Method.invoke(Method.java:567)
at org.testng.internal.MethodInvocationHelper.invokeMethod(MethodInvocationHelper.java:124)
at org.testng.internal.MethodInvocationHelper.invokeMethod(MethodInvocationHelper.java:74)
at org.testng.internal.MethodInvocationHelper.invokeMethodNoCheckedException(MethodInvocationHelper.java:45)
... 21 more
]]>
            </full-stacktrace>
          </exception> <!-- java.lang.RuntimeException -->
          <reporter-output>
          </reporter-output>
        </test-method> <!-- testGetScore -->
        <test-method signature="testSetScore(hust.cs.javacourse.search.query.AbstractHit, double)[pri:0, instance:hust.cs.javacourse.search.query.HitTest@4d1b0d2a]" started-at="2020-05-11T13:19:10Z" name="testSetScore" data-provider="testHit" finished-at="2020-05-11T13:19:10Z" duration-ms="0" status="SKIP">
          <exception class="java.lang.RuntimeException">
            <message>
              <![CDATA[java.lang.NullPointerException]]>
            </message>
            <full-stacktrace>
              <![CDATA[java.lang.RuntimeException: java.lang.NullPointerException
at org.testng.internal.MethodInvocationHelper.invokeMethodNoCheckedException(MethodInvocationHelper.java:49)
at org.testng.internal.MethodInvocationHelper.invokeDataProvider(MethodInvocationHelper.java:131)
at org.testng.internal.Parameters.handleParameters(Parameters.java:706)
at org.testng.internal.ParameterHandler.handleParameters(ParameterHandler.java:49)
at org.testng.internal.ParameterHandler.createParameters(ParameterHandler.java:37)
at org.testng.internal.Invoker.invokeTestMethods(Invoker.java:924)
at org.testng.internal.TestMethodWorker.invokeTestMethods(TestMethodWorker.java:125)
at org.testng.internal.TestMethodWorker.run(TestMethodWorker.java:109)
at org.testng.TestRunner.privateRun(TestRunner.java:648)
at org.testng.TestRunner.run(TestRunner.java:505)
at org.testng.SuiteRunner.runTest(SuiteRunner.java:455)
at org.testng.SuiteRunner.runSequentially(SuiteRunner.java:450)
at org.testng.SuiteRunner.privateRun(SuiteRunner.java:415)
at org.testng.SuiteRunner.run(SuiteRunner.java:364)
at org.testng.SuiteRunnerWorker.runSuite(SuiteRunnerWorker.java:52)
at org.testng.SuiteRunnerWorker.run(SuiteRunnerWorker.java:84)
at org.testng.TestNG.runSuitesSequentially(TestNG.java:1208)
at org.testng.TestNG.runSuitesLocally(TestNG.java:1137)
at org.testng.TestNG.runSuites(TestNG.java:1049)
at org.testng.TestNG.run(TestNG.java:1017)
at org.testng.TestNG.privateMain(TestNG.java:1354)
at org.testng.TestNG.main(TestNG.java:1323)
Caused by: java.lang.NullPointerException
at hust.cs.javacourse.search.query.HitTestCase.buildSetScoreTestCase(HitTestCase.java:76)
at hust.cs.javacourse.search.query.HitTestDataProvider.testHit(HitTestDataProvider.java:29)
at java.base/jdk.internal.reflect.NativeMethodAccessorImpl.invoke0(Native Method)
at java.base/jdk.internal.reflect.NativeMethodAccessorImpl.invoke(NativeMethodAccessorImpl.java:62)
at java.base/jdk.internal.reflect.DelegatingMethodAccessorImpl.invoke(DelegatingMethodAccessorImpl.java:43)
at java.base/java.lang.reflect.Method.invoke(Method.java:567)
at org.testng.internal.MethodInvocationHelper.invokeMethod(MethodInvocationHelper.java:124)
at org.testng.internal.MethodInvocationHelper.invokeMethod(MethodInvocationHelper.java:74)
at org.testng.internal.MethodInvocationHelper.invokeMethodNoCheckedException(MethodInvocationHelper.java:45)
... 21 more
]]>
            </full-stacktrace>
          </exception> <!-- java.lang.RuntimeException -->
          <reporter-output>
          </reporter-output>
        </test-method> <!-- testSetScore -->
        <test-method signature="testGetTermPostingMapping(hust.cs.javacourse.search.query.AbstractHit, int)[pri:0, instance:hust.cs.javacourse.search.query.HitTest@4d1b0d2a]" started-at="2020-05-11T13:19:10Z" name="testGetTermPostingMapping" data-provider="testHit" finished-at="2020-05-11T13:19:10Z" duration-ms="0" status="SKIP">
          <exception class="java.lang.RuntimeException">
            <message>
              <![CDATA[java.lang.NullPointerException]]>
            </message>
            <full-stacktrace>
              <![CDATA[java.lang.RuntimeException: java.lang.NullPointerException
at org.testng.internal.MethodInvocationHelper.invokeMethodNoCheckedException(MethodInvocationHelper.java:49)
at org.testng.internal.MethodInvocationHelper.invokeDataProvider(MethodInvocationHelper.java:131)
at org.testng.internal.Parameters.handleParameters(Parameters.java:706)
at org.testng.internal.ParameterHandler.handleParameters(ParameterHandler.java:49)
at org.testng.internal.ParameterHandler.createParameters(ParameterHandler.java:37)
at org.testng.internal.Invoker.invokeTestMethods(Invoker.java:924)
at org.testng.internal.TestMethodWorker.invokeTestMethods(TestMethodWorker.java:125)
at org.testng.internal.TestMethodWorker.run(TestMethodWorker.java:109)
at org.testng.TestRunner.privateRun(TestRunner.java:648)
at org.testng.TestRunner.run(TestRunner.java:505)
at org.testng.SuiteRunner.runTest(SuiteRunner.java:455)
at org.testng.SuiteRunner.runSequentially(SuiteRunner.java:450)
at org.testng.SuiteRunner.privateRun(SuiteRunner.java:415)
at org.testng.SuiteRunner.run(SuiteRunner.java:364)
at org.testng.SuiteRunnerWorker.runSuite(SuiteRunnerWorker.java:52)
at org.testng.SuiteRunnerWorker.run(SuiteRunnerWorker.java:84)
at org.testng.TestNG.runSuitesSequentially(TestNG.java:1208)
at org.testng.TestNG.runSuitesLocally(TestNG.java:1137)
at org.testng.TestNG.runSuites(TestNG.java:1049)
at org.testng.TestNG.run(TestNG.java:1017)
at org.testng.TestNG.privateMain(TestNG.java:1354)
at org.testng.TestNG.main(TestNG.java:1323)
Caused by: java.lang.NullPointerException
at hust.cs.javacourse.search.query.HitTestCase.buildGetTermPostingMappingTestCase(HitTestCase.java:87)
at hust.cs.javacourse.search.query.HitTestDataProvider.testHit(HitTestDataProvider.java:32)
at java.base/jdk.internal.reflect.NativeMethodAccessorImpl.invoke0(Native Method)
at java.base/jdk.internal.reflect.NativeMethodAccessorImpl.invoke(NativeMethodAccessorImpl.java:62)
at java.base/jdk.internal.reflect.DelegatingMethodAccessorImpl.invoke(DelegatingMethodAccessorImpl.java:43)
at java.base/java.lang.reflect.Method.invoke(Method.java:567)
at org.testng.internal.MethodInvocationHelper.invokeMethod(MethodInvocationHelper.java:124)
at org.testng.internal.MethodInvocationHelper.invokeMethod(MethodInvocationHelper.java:74)
at org.testng.internal.MethodInvocationHelper.invokeMethodNoCheckedException(MethodInvocationHelper.java:45)
... 21 more
]]>
            </full-stacktrace>
          </exception> <!-- java.lang.RuntimeException -->
          <reporter-output>
          </reporter-output>
        </test-method> <!-- testGetTermPostingMapping -->
        <test-method signature="testTestToString(hust.cs.javacourse.search.query.AbstractHit, [Ljava.lang.String;)[pri:0, instance:hust.cs.javacourse.search.query.HitTest@4d1b0d2a]" started-at="2020-05-11T13:19:10Z" name="testTestToString" data-provider="testHit" finished-at="2020-05-11T13:19:10Z" duration-ms="0" status="SKIP">
          <exception class="java.lang.RuntimeException">
            <message>
              <![CDATA[java.lang.NullPointerException]]>
            </message>
            <full-stacktrace>
              <![CDATA[java.lang.RuntimeException: java.lang.NullPointerException
at org.testng.internal.MethodInvocationHelper.invokeMethodNoCheckedException(MethodInvocationHelper.java:49)
at org.testng.internal.MethodInvocationHelper.invokeDataProvider(MethodInvocationHelper.java:131)
at org.testng.internal.Parameters.handleParameters(Parameters.java:706)
at org.testng.internal.ParameterHandler.handleParameters(ParameterHandler.java:49)
at org.testng.internal.ParameterHandler.createParameters(ParameterHandler.java:37)
at org.testng.internal.Invoker.invokeTestMethods(Invoker.java:924)
at org.testng.internal.TestMethodWorker.invokeTestMethods(TestMethodWorker.java:125)
at org.testng.internal.TestMethodWorker.run(TestMethodWorker.java:109)
at org.testng.TestRunner.privateRun(TestRunner.java:648)
at org.testng.TestRunner.run(TestRunner.java:505)
at org.testng.SuiteRunner.runTest(SuiteRunner.java:455)
at org.testng.SuiteRunner.runSequentially(SuiteRunner.java:450)
at org.testng.SuiteRunner.privateRun(SuiteRunner.java:415)
at org.testng.SuiteRunner.run(SuiteRunner.java:364)
at org.testng.SuiteRunnerWorker.runSuite(SuiteRunnerWorker.java:52)
at org.testng.SuiteRunnerWorker.run(SuiteRunnerWorker.java:84)
at org.testng.TestNG.runSuitesSequentially(TestNG.java:1208)
at org.testng.TestNG.runSuitesLocally(TestNG.java:1137)
at org.testng.TestNG.runSuites(TestNG.java:1049)
at org.testng.TestNG.run(TestNG.java:1017)
at org.testng.TestNG.privateMain(TestNG.java:1354)
at org.testng.TestNG.main(TestNG.java:1323)
Caused by: java.lang.NullPointerException
at hust.cs.javacourse.search.query.HitTestCase.buildToStringTestCase(HitTestCase.java:99)
at hust.cs.javacourse.search.query.HitTestDataProvider.testHit(HitTestDataProvider.java:35)
at java.base/jdk.internal.reflect.NativeMethodAccessorImpl.invoke0(Native Method)
at java.base/jdk.internal.reflect.NativeMethodAccessorImpl.invoke(NativeMethodAccessorImpl.java:62)
at java.base/jdk.internal.reflect.DelegatingMethodAccessorImpl.invoke(DelegatingMethodAccessorImpl.java:43)
at java.base/java.lang.reflect.Method.invoke(Method.java:567)
at org.testng.internal.MethodInvocationHelper.invokeMethod(MethodInvocationHelper.java:124)
at org.testng.internal.MethodInvocationHelper.invokeMethod(MethodInvocationHelper.java:74)
at org.testng.internal.MethodInvocationHelper.invokeMethodNoCheckedException(MethodInvocationHelper.java:45)
... 21 more
]]>
            </full-stacktrace>
          </exception> <!-- java.lang.RuntimeException -->
          <reporter-output>
          </reporter-output>
        </test-method> <!-- testTestToString -->
        <test-method signature="testCompareTo([Lhust.cs.javacourse.search.query.AbstractHit;, int)[pri:0, instance:hust.cs.javacourse.search.query.HitTest@4d1b0d2a]" started-at="2020-05-11T13:19:10Z" name="testCompareTo" data-provider="testHit" finished-at="2020-05-11T13:19:10Z" duration-ms="0" status="SKIP">
          <exception class="java.lang.RuntimeException">
            <message>
              <![CDATA[java.lang.NullPointerException]]>
            </message>
            <full-stacktrace>
              <![CDATA[java.lang.RuntimeException: java.lang.NullPointerException
at org.testng.internal.MethodInvocationHelper.invokeMethodNoCheckedException(MethodInvocationHelper.java:49)
at org.testng.internal.MethodInvocationHelper.invokeDataProvider(MethodInvocationHelper.java:131)
at org.testng.internal.Parameters.handleParameters(Parameters.java:706)
at org.testng.internal.ParameterHandler.handleParameters(ParameterHandler.java:49)
at org.testng.internal.ParameterHandler.createParameters(ParameterHandler.java:37)
at org.testng.internal.Invoker.invokeTestMethods(Invoker.java:924)
at org.testng.internal.TestMethodWorker.invokeTestMethods(TestMethodWorker.java:125)
at org.testng.internal.TestMethodWorker.run(TestMethodWorker.java:109)
at org.testng.TestRunner.privateRun(TestRunner.java:648)
at org.testng.TestRunner.run(TestRunner.java:505)
at org.testng.SuiteRunner.runTest(SuiteRunner.java:455)
at org.testng.SuiteRunner.runSequentially(SuiteRunner.java:450)
at org.testng.SuiteRunner.privateRun(SuiteRunner.java:415)
at org.testng.SuiteRunner.run(SuiteRunner.java:364)
at org.testng.SuiteRunnerWorker.runSuite(SuiteRunnerWorker.java:52)
at org.testng.SuiteRunnerWorker.run(SuiteRunnerWorker.java:84)
at org.testng.TestNG.runSuitesSequentially(TestNG.java:1208)
at org.testng.TestNG.runSuitesLocally(TestNG.java:1137)
at org.testng.TestNG.runSuites(TestNG.java:1049)
at org.testng.TestNG.run(TestNG.java:1017)
at org.testng.TestNG.privateMain(TestNG.java:1354)
at org.testng.TestNG.main(TestNG.java:1323)
Caused by: java.lang.NullPointerException
at hust.cs.javacourse.search.query.HitTestCase.buildCompareToSTestCase(HitTestCase.java:117)
at hust.cs.javacourse.search.query.HitTestDataProvider.testHit(HitTestDataProvider.java:38)
at java.base/jdk.internal.reflect.NativeMethodAccessorImpl.invoke0(Native Method)
at java.base/jdk.internal.reflect.NativeMethodAccessorImpl.invoke(NativeMethodAccessorImpl.java:62)
at java.base/jdk.internal.reflect.DelegatingMethodAccessorImpl.invoke(DelegatingMethodAccessorImpl.java:43)
at java.base/java.lang.reflect.Method.invoke(Method.java:567)
at org.testng.internal.MethodInvocationHelper.invokeMethod(MethodInvocationHelper.java:124)
at org.testng.internal.MethodInvocationHelper.invokeMethod(MethodInvocationHelper.java:74)
at org.testng.internal.MethodInvocationHelper.invokeMethodNoCheckedException(MethodInvocationHelper.java:45)
... 21 more
]]>
            </full-stacktrace>
          </exception> <!-- java.lang.RuntimeException -->
          <reporter-output>
          </reporter-output>
        </test-method> <!-- testCompareTo -->
      </class> <!-- hust.cs.javacourse.search.query.HitTest -->
    </test> <!-- D:/IdeaWorkspace/SeachEngine/test/hust/cs/javacourse/search/query/HitTest.java -->
    <test started-at="2020-05-11T13:19:10Z" name="D:/IdeaWorkspace/SeachEngine/test/hust/cs/javacourse/search/query/IndexSearcherTest.java" finished-at="2020-05-11T13:19:10Z" duration-ms="28">
      <class name="hust.cs.javacourse.search.index.PostingListTest">
        <test-method is-config="true" signature="beforeSuite()[pri:0, instance:hust.cs.javacourse.search.index.PostingListTest@262b2c86]" started-at="2020-05-11T13:19:09Z" name="beforeSuite" finished-at="2020-05-11T13:19:09Z" duration-ms="33" status="PASS">
          <reporter-output>
          </reporter-output>
        </test-method> <!-- beforeSuite -->
      </class> <!-- hust.cs.javacourse.search.index.PostingListTest -->
      <class name="hust.cs.javacourse.search.query.IndexSearcherTest">
        <test-method signature="testSearch([Lhust.cs.javacourse.search.query.AbstractHit;, [Lhust.cs.javacourse.search.query.AbstractHit;)[pri:0, instance:hust.cs.javacourse.search.query.IndexSearcherTest@4cf4d528]" started-at="2020-05-11T13:19:10Z" name="testSearch" data-provider="testIndexSearcher" finished-at="2020-05-11T13:19:10Z" duration-ms="1" status="PASS">
          <params>
            <param index="0">
              <value>
                <![CDATA[[Lhust.cs.javacourse.search.query.impl.Hit;@53fb3dab]]>
              </value>
            </param>
            <param index="1">
              <value is-null="true"/>
            </param>
          </params>
          <reporter-output>
          </reporter-output>
        </test-method> <!-- testSearch -->
        <test-method signature="testSearch([Lhust.cs.javacourse.search.query.AbstractHit;, [Lhust.cs.javacourse.search.query.AbstractHit;)[pri:0, instance:hust.cs.javacourse.search.query.IndexSearcherTest@4cf4d528]" started-at="2020-05-11T13:19:10Z" name="testSearch" data-provider="testIndexSearcher" finished-at="2020-05-11T13:19:10Z" duration-ms="0" status="PASS">
          <params>
            <param index="0">
              <value>
                <![CDATA[[Lhust.cs.javacourse.search.query.impl.Hit;@cb0755b]]>
              </value>
            </param>
            <param index="1">
              <value is-null="true"/>
            </param>
          </params>
          <reporter-output>
          </reporter-output>
        </test-method> <!-- testSearch -->
        <test-method signature="testTestSearch([Lhust.cs.javacourse.search.query.AbstractHit;, [Lhust.cs.javacourse.search.query.AbstractHit;)[pri:0, instance:hust.cs.javacourse.search.query.IndexSearcherTest@4cf4d528]" started-at="2020-05-11T13:19:10Z" name="testTestSearch" data-provider="testIndexSearcher" finished-at="2020-05-11T13:19:10Z" duration-ms="0" status="SKIP">
          <exception class="java.lang.RuntimeException">
            <message>
              <![CDATA[java.lang.NoSuchFieldError: AND]]>
            </message>
            <full-stacktrace>
              <![CDATA[java.lang.RuntimeException: java.lang.NoSuchFieldError: AND
at org.testng.internal.MethodInvocationHelper.invokeMethodNoCheckedException(MethodInvocationHelper.java:49)
at org.testng.internal.MethodInvocationHelper.invokeDataProvider(MethodInvocationHelper.java:131)
at org.testng.internal.Parameters.handleParameters(Parameters.java:706)
at org.testng.internal.ParameterHandler.handleParameters(ParameterHandler.java:49)
at org.testng.internal.ParameterHandler.createParameters(ParameterHandler.java:37)
at org.testng.internal.Invoker.invokeTestMethods(Invoker.java:924)
at org.testng.internal.TestMethodWorker.invokeTestMethods(TestMethodWorker.java:125)
at org.testng.internal.TestMethodWorker.run(TestMethodWorker.java:109)
at org.testng.TestRunner.privateRun(TestRunner.java:648)
at org.testng.TestRunner.run(TestRunner.java:505)
at org.testng.SuiteRunner.runTest(SuiteRunner.java:455)
at org.testng.SuiteRunner.runSequentially(SuiteRunner.java:450)
at org.testng.SuiteRunner.privateRun(SuiteRunner.java:415)
at org.testng.SuiteRunner.run(SuiteRunner.java:364)
at org.testng.SuiteRunnerWorker.runSuite(SuiteRunnerWorker.java:52)
at org.testng.SuiteRunnerWorker.run(SuiteRunnerWorker.java:84)
at org.testng.TestNG.runSuitesSequentially(TestNG.java:1208)
at org.testng.TestNG.runSuitesLocally(TestNG.java:1137)
at org.testng.TestNG.runSuites(TestNG.java:1049)
at org.testng.TestNG.run(TestNG.java:1017)
at org.testng.TestNG.privateMain(TestNG.java:1354)
at org.testng.TestNG.main(TestNG.java:1323)
Caused by: java.lang.NoSuchFieldError: AND
at hust.cs.javacourse.search.query.IndexSearcherTestDataProvider.testIndexSearcher(IndexSearcherTestDataProvider.java:61)
at java.base/jdk.internal.reflect.NativeMethodAccessorImpl.invoke0(Native Method)
at java.base/jdk.internal.reflect.NativeMethodAccessorImpl.invoke(NativeMethodAccessorImpl.java:62)
at java.base/jdk.internal.reflect.DelegatingMethodAccessorImpl.invoke(DelegatingMethodAccessorImpl.java:43)
at java.base/java.lang.reflect.Method.invoke(Method.java:567)
at org.testng.internal.MethodInvocationHelper.invokeMethod(MethodInvocationHelper.java:124)
at org.testng.internal.MethodInvocationHelper.invokeMethod(MethodInvocationHelper.java:74)
at org.testng.internal.MethodInvocationHelper.invokeMethodNoCheckedException(MethodInvocationHelper.java:45)
... 21 more
]]>
            </full-stacktrace>
          </exception> <!-- java.lang.RuntimeException -->
          <reporter-output>
          </reporter-output>
        </test-method> <!-- testTestSearch -->
      </class> <!-- hust.cs.javacourse.search.query.IndexSearcherTest -->
    </test> <!-- D:/IdeaWorkspace/SeachEngine/test/hust/cs/javacourse/search/query/IndexSearcherTest.java -->
  </suite> <!-- All Test Suite -->
</testng-results>
